<?xml version="1.0" encoding="UTF-8"?>
<testsuite xmlns:xsi="http://www.w3.org/2001/XMLSchema-instance" xsi:noNamespaceSchemaLocation="https://maven.apache.org/surefire/maven-surefire-plugin/xsd/surefire-test-report.xsd" version="3.0.2" name="com.backend.urbia.UrbiaApplicationTests" time="8.544" tests="1" errors="1" skipped="0" failures="0">
  <properties>
[...]
</properties>
  <testcase name="contextLoads" classname="com.backend.urbia.UrbiaApplicationTests" time="0.023">
    <error message="Failed to load ApplicationContext for [MergedContextConfiguration@75d539b9 testClass = com.backend.urbia.UrbiaApplicationTests, locations = [], classes = [com.backend.urbia.UrbiaApplication], contextInitializerClasses = [], activeProfiles = [&quot;test&quot;], propertySourceDescriptors = [], propertySourceProperties = [&quot;org.springframework.boot.test.context.SpringBootTestContextBootstrapper=true&quot;, &quot;spring.main.web-application-type=none&quot;], contextCustomizers = [org.springframework.boot.test.context.filter.ExcludeFilterContextCustomizer@239105a8, org.springframework.boot.test.json.DuplicateJsonObjectContextCustomizerFactory$DuplicateJsonObjectContextCustomizer@1df8b5b8, org.springframework.boot.test.mock.mockito.MockitoContextCustomizer@0, org.springframework.boot.test.web.client.TestRestTemplateContextCustomizer@5f77d0f9, org.springframework.boot.test.web.reactor.netty.DisableReactorResourceFactoryGlobalResourcesContextCustomizerFactory$DisableReactorResourceFactoryGlobalResourcesContextCustomizerCustomizer@e3c0e40, org.springframework.boot.test.autoconfigure.OnFailureConditionReportContextCustomizerFactory$OnFailureConditionReportContextCustomizer@20d7d6fb, org.springframework.boot.test.autoconfigure.actuate.observability.ObservabilityContextCustomizerFactory$DisableObservabilityContextCustomizer@1f, org.springframework.boot.test.autoconfigure.properties.PropertyMappingContextCustomizer@0, org.springframework.boot.test.autoconfigure.web.servlet.WebDriverContextCustomizer@6f6745d6, org.springframework.test.context.support.DynamicPropertiesContextCustomizer@0, org.springframework.boot.test.context.SpringBootTestAnnotation@dac388a9], contextLoader = org.springframework.boot.test.context.SpringBootContextLoader, parent = null]" type="java.lang.IllegalStateException"><![CDATA[java.lang.IllegalStateException: Failed to load ApplicationContext for [MergedContextConfiguration@75d539b9 testClass = com.backend.urbia.UrbiaApplicationTests, locations = [], classes = [com.backend.urbia.UrbiaApplication], contextInitializerClasses = [], activeProfiles = ["test"], propertySourceDescriptors = [], propertySourceProperties = ["org.springframework.boot.test.context.SpringBootTestContextBootstrapper=true", "spring.main.web-application-type=none"], contextCustomizers = [org.springframework.boot.test.context.filter.ExcludeFilterContextCustomizer@239105a8, org.springframework.boot.test.json.DuplicateJsonObjectContextCustomizerFactory$DuplicateJsonObjectContextCustomizer@1df8b5b8, org.springframework.boot.test.mock.mockito.MockitoContextCustomizer@0, org.springframework.boot.test.web.client.TestRestTemplateContextCustomizer@5f77d0f9, org.springframework.boot.test.web.reactor.netty.DisableReactorResourceFactoryGlobalResourcesContextCustomizerFactory$DisableReactorResourceFactoryGlobalResourcesContextCustomizerCustomizer@e3c0e40, org.springframework.boot.test.autoconfigure.OnFailureConditionReportContextCustomizerFactory$OnFailureConditionReportContextCustomizer@20d7d6fb, org.springframework.boot.test.autoconfigure.actuate.observability.ObservabilityContextCustomizerFactory$DisableObservabilityContextCustomizer@1f, org.springframework.boot.test.autoconfigure.properties.PropertyMappingContextCustomizer@0, org.springframework.boot.test.autoconfigure.web.servlet.WebDriverContextCustomizer@6f6745d6, org.springframework.test.context.support.DynamicPropertiesContextCustomizer@0, org.springframework.boot.test.context.SpringBootTestAnnotation@dac388a9], contextLoader = org.springframework.boot.test.context.SpringBootContextLoader, parent = null]
	at org.springframework.test.context.cache.DefaultCacheAwareContextLoaderDelegate.loadContext(DefaultCacheAwareContextLoaderDelegate.java:180)
	at org.springframework.test.context.support.DefaultTestContext.getApplicationContext(DefaultTestContext.java:130)
	at org.springframework.test.context.support.DependencyInjectionTestExecutionListener.injectDependencies(DependencyInjectionTestExecutionListener.java:142)
	at org.springframework.test.context.support.DependencyInjectionTestExecutionListener.prepareTestInstance(DependencyInjectionTestExecutionListener.java:98)
	at org.springframework.test.context.TestContextManager.prepareTestInstance(TestContextManager.java:260)
	at org.springframework.test.context.junit.jupiter.SpringExtension.postProcessTestInstance(SpringExtension.java:160)
	at java.base/java.util.stream.ForEachOps$ForEachOp$OfRef.accept(ForEachOps.java:184)
	at java.base/java.util.stream.ReferencePipeline$3$1.accept(ReferencePipeline.java:215)
	at java.base/java.util.stream.ReferencePipeline$2$1.accept(ReferencePipeline.java:197)
	at java.base/java.util.stream.ReferencePipeline$3$1.accept(ReferencePipeline.java:215)
	at java.base/java.util.ArrayList$ArrayListSpliterator.forEachRemaining(ArrayList.java:1709)
	at java.base/java.util.stream.AbstractPipeline.copyInto(AbstractPipeline.java:570)
	at java.base/java.util.stream.AbstractPipeline.wrapAndCopyInto(AbstractPipeline.java:560)
	at java.base/java.util.stream.ForEachOps$ForEachOp.evaluateSequential(ForEachOps.java:151)
	at java.base/java.util.stream.ForEachOps$ForEachOp$OfRef.evaluateSequential(ForEachOps.java:174)
	at java.base/java.util.stream.AbstractPipeline.evaluate(AbstractPipeline.java:265)
	at java.base/java.util.stream.ReferencePipeline.forEach(ReferencePipeline.java:636)
	at java.base/java.util.Optional.orElseGet(Optional.java:364)
	at java.base/java.util.ArrayList.forEach(ArrayList.java:1597)
	at java.base/java.util.ArrayList.forEach(ArrayList.java:1597)
Caused by: org.springframework.beans.factory.BeanCreationException: Error creating bean with name 'entityManagerFactory' defined in class path resource [org/springframework/boot/autoconfigure/orm/jpa/HibernateJpaConfiguration.class]: Collection 'com.backend.urbia.model.Usuarios.reportes' is 'mappedBy' a property named 'usuario' which does not exist in the target entity 'com.backend.urbia.model.Reportes'
	at org.springframework.beans.factory.support.AbstractAutowireCapableBeanFactory.initializeBean(AbstractAutowireCapableBeanFactory.java:1812)
	at org.springframework.beans.factory.support.AbstractAutowireCapableBeanFactory.doCreateBean(AbstractAutowireCapableBeanFactory.java:601)
	at org.springframework.beans.factory.support.AbstractAutowireCapableBeanFactory.createBean(AbstractAutowireCapableBeanFactory.java:523)
	at org.springframework.beans.factory.support.AbstractBeanFactory.lambda$doGetBean$0(AbstractBeanFactory.java:336)
	at org.springframework.beans.factory.support.DefaultSingletonBeanRegistry.getSingleton(DefaultSingletonBeanRegistry.java:307)
	at org.springframework.beans.factory.support.AbstractBeanFactory.doGetBean(AbstractBeanFactory.java:334)
	at org.springframework.beans.factory.support.AbstractBeanFactory.getBean(AbstractBeanFactory.java:204)
	at org.springframework.context.support.AbstractApplicationContext.finishBeanFactoryInitialization(AbstractApplicationContext.java:970)
	at org.springframework.context.support.AbstractApplicationContext.refresh(AbstractApplicationContext.java:627)
	at org.springframework.boot.SpringApplication.refresh(SpringApplication.java:752)
	at org.springframework.boot.SpringApplication.refreshContext(SpringApplication.java:439)
	at org.springframework.boot.SpringApplication.run(SpringApplication.java:318)
	at org.springframework.boot.test.context.SpringBootContextLoader.lambda$loadContext$3(SpringBootContextLoader.java:137)
	at org.springframework.util.function.ThrowingSupplier.get(ThrowingSupplier.java:58)
	at org.springframework.util.function.ThrowingSupplier.get(ThrowingSupplier.java:46)
	at org.springframework.boot.SpringApplication.withHook(SpringApplication.java:1461)
	at org.springframework.boot.test.context.SpringBootContextLoader$ContextLoaderHook.run(SpringBootContextLoader.java:553)
	at org.springframework.boot.test.context.SpringBootContextLoader.loadContext(SpringBootContextLoader.java:137)
	at org.springframework.boot.test.context.SpringBootContextLoader.loadContext(SpringBootContextLoader.java:108)
	at org.springframework.test.context.cache.DefaultCacheAwareContextLoaderDelegate.loadContextInternal(DefaultCacheAwareContextLoaderDelegate.java:225)
	at org.springframework.test.context.cache.DefaultCacheAwareContextLoaderDelegate.loadContext(DefaultCacheAwareContextLoaderDelegate.java:152)
	... 19 more
Caused by: org.hibernate.AnnotationException: Collection 'com.backend.urbia.model.Usuarios.reportes' is 'mappedBy' a property named 'usuario' which does not exist in the target entity 'com.backend.urbia.model.Reportes'
	at org.hibernate.boot.model.internal.CollectionBinder.isReversePropertyInJoin(CollectionBinder.java:1638)
	at org.hibernate.boot.model.internal.CollectionBinder.noAssociationTable(CollectionBinder.java:1652)
	at org.hibernate.boot.model.internal.CollectionBinder.bindStarToManySecondPass(CollectionBinder.java:1613)
	at org.hibernate.boot.model.internal.CollectionBinder$1.secondPass(CollectionBinder.java:1604)
	at org.hibernate.boot.model.internal.CollectionSecondPass.doSecondPass(CollectionSecondPass.java:45)
	at org.hibernate.boot.internal.InFlightMetadataCollectorImpl.processSecondPasses(InFlightMetadataCollectorImpl.java:1842)
	at org.hibernate.boot.internal.InFlightMetadataCollectorImpl.processSecondPasses(InFlightMetadataCollectorImpl.java:1800)
	at org.hibernate.boot.model.process.spi.MetadataBuildingProcess.complete(MetadataBuildingProcess.java:334)
	at org.hibernate.jpa.boot.internal.EntityManagerFactoryBuilderImpl.metadata(EntityManagerFactoryBuilderImpl.java:1431)
	at org.hibernate.jpa.boot.internal.EntityManagerFactoryBuilderImpl.build(EntityManagerFactoryBuilderImpl.java:1502)
	at org.springframework.orm.jpa.vendor.SpringHibernateJpaPersistenceProvider.createContainerEntityManagerFactory(SpringHibernateJpaPersistenceProvider.java:66)
	at org.springframework.orm.jpa.LocalContainerEntityManagerFactoryBean.createNativeEntityManagerFactory(LocalContainerEntityManagerFactoryBean.java:390)
	at org.springframework.orm.jpa.AbstractEntityManagerFactoryBean.buildNativeEntityManagerFactory(AbstractEntityManagerFactoryBean.java:419)
	at org.springframework.orm.jpa.AbstractEntityManagerFactoryBean.afterPropertiesSet(AbstractEntityManagerFactoryBean.java:400)
	at org.springframework.orm.jpa.LocalContainerEntityManagerFactoryBean.afterPropertiesSet(LocalContainerEntityManagerFactoryBean.java:366)
	at org.springframework.beans.factory.support.AbstractAutowireCapableBeanFactory.invokeInitMethods(AbstractAutowireCapableBeanFactory.java:1859)
	at org.springframework.beans.factory.support.AbstractAutowireCapableBeanFactory.initializeBean(AbstractAutowireCapableBeanFactory.java:1808)
	... 39 more
]]></error>
    <system-out><![CDATA[Standard Commons Logging discovery in action with spring-jcl: please remove commons-logging.jar from classpath in order to avoid potential conflicts
02:38:52.524 [main] INFO org.springframework.test.context.support.AnnotationConfigContextLoaderUtils -- Could not detect default configuration classes for test class [com.backend.urbia.UrbiaApplicationTests]: UrbiaApplicationTests does not declare any static, non-private, non-final, nested classes annotated with @Configuration.
02:38:52.809 [main] INFO org.springframework.boot.test.context.SpringBootTestContextBootstrapper -- Found @SpringBootConfiguration com.backend.urbia.UrbiaApplication for test class com.backend.urbia.UrbiaApplicationTests

  .   ____          _            __ _ _
 /\\ / ___'_ __ _ _(_)_ __  __ _ \ \ \ \
( ( )\___ | '_ | '_| | '_ \/ _` | \ \ \ \
 \\/  ___)| |_)| | | | | || (_| |  ) ) ) )
  '  |____| .__|_| |_|_| |_\__, | / / / /
 =========|_|==============|___/=/_/_/_/

 :: Spring Boot ::                (v3.4.2)

2025-02-22T02:38:54.073-06:00 DEBUG 15280 --- [urbia] [kground-preinit] o.h.v.i.xml.config.ValidationXmlParser   : Trying to load META-INF/validation.xml for XML based Validator configuration.
2025-02-22T02:38:54.092-06:00 DEBUG 15280 --- [urbia] [kground-preinit] o.h.v.i.xml.config.ResourceLoaderHelper  : Trying to load META-INF/validation.xml via TCCL
2025-02-22T02:38:54.093-06:00 DEBUG 15280 --- [urbia] [kground-preinit] o.h.v.i.xml.config.ResourceLoaderHelper  : Trying to load META-INF/validation.xml via Hibernate Validator's class loader
2025-02-22T02:38:54.094-06:00 DEBUG 15280 --- [urbia] [kground-preinit] o.h.v.i.xml.config.ValidationXmlParser   : No META-INF/validation.xml found. Using annotation based configuration only.
2025-02-22T02:38:54.114-06:00 DEBUG 15280 --- [urbia] [kground-preinit] o.h.v.i.e.resolver.TraversableResolvers  : Found jakarta.persistence.Persistence on classpath containing 'getPersistenceUtil'. Assuming JPA 2 environment. Trying to instantiate JPA aware TraversableResolver
2025-02-22T02:38:54.115-06:00 DEBUG 15280 --- [urbia] [kground-preinit] o.h.v.i.e.resolver.TraversableResolvers  : Instantiated JPA aware TraversableResolver of type org.hibernate.validator.internal.engine.resolver.JPATraversableResolver.
2025-02-22T02:38:54.185-06:00  INFO 15280 --- [urbia] [           main] c.backend.urbia.UrbiaApplicationTests    : Starting UrbiaApplicationTests using Java 23.0.2 with PID 15280 (started by Ronny in D:\s21-19-t-webapp\Backend)
2025-02-22T02:38:54.186-06:00  INFO 15280 --- [urbia] [           main] c.backend.urbia.UrbiaApplicationTests    : The following 1 profile is active: "test"
2025-02-22T02:38:54.189-06:00 DEBUG 15280 --- [urbia] [           main] o.s.boot.SpringApplication               : Loading source class com.backend.urbia.UrbiaApplication
2025-02-22T02:38:54.193-06:00 DEBUG 15280 --- [urbia] [kground-preinit] .h.v.m.ResourceBundleMessageInterpolator : Loaded expression factory via original TCCL
2025-02-22T02:38:54.254-06:00 DEBUG 15280 --- [urbia] [           main] s.c.a.AnnotationConfigApplicationContext : Refreshing org.springframework.context.annotation.AnnotationConfigApplicationContext@14a54ef6
2025-02-22T02:38:54.310-06:00 DEBUG 15280 --- [urbia] [           main] o.s.b.f.s.DefaultListableBeanFactory     : Creating shared instance of singleton bean 'org.springframework.context.annotation.internalConfigurationAnnotationProcessor'
2025-02-22T02:38:54.377-06:00 DEBUG 15280 --- [urbia] [           main] o.s.b.f.s.DefaultListableBeanFactory     : Creating shared instance of singleton bean 'org.springframework.boot.autoconfigure.internalCachingMetadataReaderFactory'
2025-02-22T02:38:54.521-06:00 DEBUG 15280 --- [urbia] [           main] o.s.c.a.ClassPathBeanDefinitionScanner   : Identified candidate component class: file [D:\s21-19-t-webapp\Backend\target\classes\com\backend\urbia\controller\AuthController.class]
2025-02-22T02:38:54.524-06:00 DEBUG 15280 --- [urbia] [           main] o.s.c.a.ClassPathBeanDefinitionScanner   : Identified candidate component class: file [D:\s21-19-t-webapp\Backend\target\classes\com\backend\urbia\controller\FileController.class]
2025-02-22T02:38:54.528-06:00 DEBUG 15280 --- [urbia] [           main] o.s.c.a.ClassPathBeanDefinitionScanner   : Identified candidate component class: file [D:\s21-19-t-webapp\Backend\target\classes\com\backend\urbia\controller\HealthController.class]
2025-02-22T02:38:54.530-06:00 DEBUG 15280 --- [urbia] [           main] o.s.c.a.ClassPathBeanDefinitionScanner   : Identified candidate component class: file [D:\s21-19-t-webapp\Backend\target\classes\com\backend\urbia\controller\ReportesController.class]
2025-02-22T02:38:54.531-06:00 DEBUG 15280 --- [urbia] [           main] o.s.c.a.ClassPathBeanDefinitionScanner   : Identified candidate component class: file [D:\s21-19-t-webapp\Backend\target\classes\com\backend\urbia\controller\UsuariosController.class]
2025-02-22T02:38:54.664-06:00 DEBUG 15280 --- [urbia] [kground-preinit] .i.e.ValidatorFactoryConfigurationHelper : HV000252: Using org.hibernate.validator.internal.engine.DefaultPropertyNodeNameProvider as property node name provider.
2025-02-22T02:38:54.693-06:00 DEBUG 15280 --- [urbia] [kground-preinit] .i.e.ValidatorFactoryConfigurationHelper : HV000234: Using org.hibernate.validator.messageinterpolation.ResourceBundleMessageInterpolator as ValidatorFactory-scoped message interpolator.
2025-02-22T02:38:54.694-06:00 DEBUG 15280 --- [urbia] [kground-preinit] .i.e.ValidatorFactoryConfigurationHelper : HV000234: Using org.hibernate.validator.internal.engine.resolver.JPATraversableResolver as ValidatorFactory-scoped traversable resolver.
2025-02-22T02:38:54.694-06:00 DEBUG 15280 --- [urbia] [kground-preinit] .i.e.ValidatorFactoryConfigurationHelper : HV000234: Using org.hibernate.validator.internal.util.ExecutableParameterNameProvider as ValidatorFactory-scoped parameter name provider.
2025-02-22T02:38:54.695-06:00 DEBUG 15280 --- [urbia] [kground-preinit] .i.e.ValidatorFactoryConfigurationHelper : HV000234: Using org.hibernate.validator.internal.engine.DefaultClockProvider as ValidatorFactory-scoped clock provider.
2025-02-22T02:38:54.695-06:00 DEBUG 15280 --- [urbia] [kground-preinit] .i.e.ValidatorFactoryConfigurationHelper : HV000234: Using org.hibernate.validator.internal.engine.scripting.DefaultScriptEvaluatorFactory as ValidatorFactory-scoped script evaluator factory.
2025-02-22T02:38:56.217-06:00  INFO 15280 --- [urbia] [           main] .s.d.r.c.RepositoryConfigurationDelegate : Bootstrapping Spring Data JPA repositories in DEFAULT mode.
2025-02-22T02:38:56.275-06:00 DEBUG 15280 --- [urbia] [           main] o.s.b.f.s.DefaultListableBeanFactory     : Creating shared instance of singleton bean 'org.springframework.boot.autoconfigure.AutoConfigurationPackages'
2025-02-22T02:38:56.335-06:00 DEBUG 15280 --- [urbia] [           main] o.s.b.a.AutoConfigurationPackages        : @EnableAutoConfiguration was declared on a class in the package 'com.backend.urbia'. Automatic @Repository and @Entity scanning is enabled.
2025-02-22T02:38:56.342-06:00 DEBUG 15280 --- [urbia] [           main] .s.d.r.c.RepositoryConfigurationDelegate : Scanning for JPA repositories in packages com.backend.urbia.
2025-02-22T02:38:56.461-06:00 DEBUG 15280 --- [urbia] [           main] o.s.d.r.c.RepositoryComponentProvider    : Identified candidate component class: file [D:\s21-19-t-webapp\Backend\target\classes\com\backend\urbia\repository\NotificacionRepository.class]
2025-02-22T02:38:56.466-06:00 DEBUG 15280 --- [urbia] [           main] o.s.d.r.c.RepositoryComponentProvider    : Identified candidate component class: file [D:\s21-19-t-webapp\Backend\target\classes\com\backend\urbia\repository\ReportesRepository.class]
2025-02-22T02:38:56.467-06:00 DEBUG 15280 --- [urbia] [           main] o.s.d.r.c.RepositoryComponentProvider    : Identified candidate component class: file [D:\s21-19-t-webapp\Backend\target\classes\com\backend\urbia\repository\UsuariosRepository.class]
2025-02-22T02:38:56.552-06:00 DEBUG 15280 --- [urbia] [           main] ssPathScanningCandidateComponentProvider : Identified candidate component class: file [D:\s21-19-t-webapp\Backend\target\classes\com\backend\urbia\security\UserDetailsServiceImpl.class]
2025-02-22T02:38:56.553-06:00 DEBUG 15280 --- [urbia] [           main] ssPathScanningCandidateComponentProvider : Identified candidate component class: file [D:\s21-19-t-webapp\Backend\target\classes\com\backend\urbia\service\impl\ReporteServiceImpl.class]
2025-02-22T02:38:56.554-06:00 DEBUG 15280 --- [urbia] [           main] ssPathScanningCandidateComponentProvider : Identified candidate component class: file [D:\s21-19-t-webapp\Backend\target\classes\com\backend\urbia\service\impl\UsuarioServiceImpl.class]
2025-02-22T02:38:56.584-06:00  INFO 15280 --- [urbia] [           main] .s.d.r.c.RepositoryConfigurationDelegate : Finished Spring Data repository scanning in 231 ms. Found 3 JPA repository interfaces.
2025-02-22T02:38:57.038-06:00 DEBUG 15280 --- [urbia] [           main] o.s.b.f.s.DefaultListableBeanFactory     : Creating shared instance of singleton bean 'propertySourcesPlaceholderConfigurer'
2025-02-22T02:38:57.047-06:00 DEBUG 15280 --- [urbia] [           main] o.s.b.f.s.DefaultListableBeanFactory     : Creating shared instance of singleton bean 'org.springframework.boot.test.mock.mockito.MockitoPostProcessor'
2025-02-22T02:38:57.049-06:00 DEBUG 15280 --- [urbia] [           main] o.s.b.f.s.DefaultListableBeanFactory     : Creating shared instance of singleton bean 'emBeanDefinitionRegistrarPostProcessor'
2025-02-22T02:38:57.050-06:00 DEBUG 15280 --- [urbia] [           main] o.s.b.f.s.DefaultListableBeanFactory     : Creating shared instance of singleton bean 'org.springframework.boot.sql.init.dependency.DatabaseInitializationDependencyConfigurer$DependsOnDatabaseInitializationPostProcessor'
2025-02-22T02:38:57.145-06:00 DEBUG 15280 --- [urbia] [           main] o.s.b.f.s.DefaultListableBeanFactory     : Creating shared instance of singleton bean 'org.springframework.context.event.internalEventListenerProcessor'
2025-02-22T02:38:57.149-06:00 DEBUG 15280 --- [urbia] [           main] o.s.b.f.s.DefaultListableBeanFactory     : Creating shared instance of singleton bean 'org.springframework.context.event.internalEventListenerFactory'
2025-02-22T02:38:57.149-06:00 DEBUG 15280 --- [urbia] [           main] o.s.b.f.s.DefaultListableBeanFactory     : Creating shared instance of singleton bean 'org.springframework.transaction.config.internalTransactionalEventListenerFactory'
2025-02-22T02:38:57.155-06:00 DEBUG 15280 --- [urbia] [           main] o.s.b.f.s.DefaultListableBeanFactory     : Creating shared instance of singleton bean 'org.springframework.context.annotation.internalAutowiredAnnotationProcessor'
2025-02-22T02:38:57.158-06:00 DEBUG 15280 --- [urbia] [           main] o.s.b.f.s.DefaultListableBeanFactory     : Creating shared instance of singleton bean 'org.springframework.context.annotation.internalCommonAnnotationProcessor'
2025-02-22T02:38:57.166-06:00 DEBUG 15280 --- [urbia] [           main] o.s.b.f.s.DefaultListableBeanFactory     : Creating shared instance of singleton bean 'org.springframework.context.annotation.internalPersistenceAnnotationProcessor'
2025-02-22T02:38:57.168-06:00 DEBUG 15280 --- [urbia] [           main] o.s.b.f.s.DefaultListableBeanFactory     : Creating shared instance of singleton bean 'org.springframework.boot.test.mock.mockito.MockitoPostProcessor$SpyPostProcessor'
2025-02-22T02:38:57.172-06:00 DEBUG 15280 --- [urbia] [           main] o.s.b.f.s.DefaultListableBeanFactory     : Creating shared instance of singleton bean 'org.springframework.boot.context.properties.ConfigurationPropertiesBindingPostProcessor'
2025-02-22T02:38:57.173-06:00 DEBUG 15280 --- [urbia] [           main] o.s.b.f.s.DefaultListableBeanFactory     : Creating shared instance of singleton bean 'org.springframework.boot.context.internalConfigurationPropertiesBinder'
2025-02-22T02:38:57.177-06:00 DEBUG 15280 --- [urbia] [           main] o.s.b.f.s.DefaultListableBeanFactory     : Creating shared instance of singleton bean 'jdbcConnectionDetailsHikariBeanPostProcessor'
2025-02-22T02:38:57.186-06:00 DEBUG 15280 --- [urbia] [           main] o.s.b.f.s.DefaultListableBeanFactory     : Creating shared instance of singleton bean 'methodValidationPostProcessor'
2025-02-22T02:38:57.191-06:00 DEBUG 15280 --- [urbia] [           main] o.s.b.f.s.DefaultListableBeanFactory     : Autowiring by type from bean name 'methodValidationPostProcessor' via factory method to bean named 'environment'
2025-02-22T02:38:57.230-06:00 DEBUG 15280 --- [urbia] [           main] o.s.b.f.s.DefaultListableBeanFactory     : Creating shared instance of singleton bean 'org.springframework.boot.context.properties.EnableConfigurationPropertiesRegistrar.methodValidationExcludeFilter'
2025-02-22T02:38:57.300-06:00 DEBUG 15280 --- [urbia] [           main] o.s.b.f.s.DefaultListableBeanFactory     : Creating shared instance of singleton bean 'org.springframework.aop.config.internalAutoProxyCreator'
2025-02-22T02:38:57.340-06:00 DEBUG 15280 --- [urbia] [           main] o.s.b.f.s.DefaultListableBeanFactory     : Creating shared instance of singleton bean 'persistenceExceptionTranslationPostProcessor'
2025-02-22T02:38:57.341-06:00 DEBUG 15280 --- [urbia] [           main] o.s.b.f.s.DefaultListableBeanFactory     : Autowiring by type from bean name 'persistenceExceptionTranslationPostProcessor' via factory method to bean named 'environment'
2025-02-22T02:38:57.349-06:00 DEBUG 15280 --- [urbia] [           main] o.s.b.f.s.DefaultListableBeanFactory     : Creating shared instance of singleton bean 'org.springframework.test.context.support.internalDynamicPropertyRegistrarBeanInitializer'
2025-02-22T02:38:57.351-06:00 DEBUG 15280 --- [urbia] [           main] o.s.b.f.s.DefaultListableBeanFactory     : Creating shared instance of singleton bean 'org.springframework.transaction.config.internalTransactionAdvisor'
2025-02-22T02:38:57.352-06:00 DEBUG 15280 --- [urbia] [           main] o.s.b.f.s.DefaultListableBeanFactory     : Creating shared instance of singleton bean 'org.springframework.transaction.annotation.ProxyTransactionManagementConfiguration'
2025-02-22T02:38:57.392-06:00 DEBUG 15280 --- [urbia] [           main] o.s.b.f.s.DefaultListableBeanFactory     : Creating shared instance of singleton bean 'transactionAttributeSource'
2025-02-22T02:38:57.398-06:00 DEBUG 15280 --- [urbia] [           main] o.s.b.f.s.DefaultListableBeanFactory     : Creating shared instance of singleton bean 'transactionInterceptor'
2025-02-22T02:38:57.399-06:00 DEBUG 15280 --- [urbia] [           main] o.s.b.f.s.DefaultListableBeanFactory     : Autowiring by type from bean name 'transactionInterceptor' via factory method to bean named 'transactionAttributeSource'
2025-02-22T02:38:57.413-06:00 DEBUG 15280 --- [urbia] [           main] o.s.b.f.s.DefaultListableBeanFactory     : Autowiring by type from bean name 'org.springframework.transaction.config.internalTransactionAdvisor' via factory method to bean named 'transactionAttributeSource'
2025-02-22T02:38:57.414-06:00 DEBUG 15280 --- [urbia] [           main] o.s.b.f.s.DefaultListableBeanFactory     : Autowiring by type from bean name 'org.springframework.transaction.config.internalTransactionAdvisor' via factory method to bean named 'transactionInterceptor'
2025-02-22T02:38:57.429-06:00 DEBUG 15280 --- [urbia] [           main] o.s.b.f.s.DefaultListableBeanFactory     : Creating shared instance of singleton bean 'entityManagerFactory'
2025-02-22T02:38:57.430-06:00 DEBUG 15280 --- [urbia] [           main] o.s.b.f.s.DefaultListableBeanFactory     : Creating shared instance of singleton bean 'org.springframework.boot.autoconfigure.orm.jpa.HibernateJpaConfiguration'
2025-02-22T02:38:57.430-06:00 DEBUG 15280 --- [urbia] [           main] o.s.b.f.s.DefaultListableBeanFactory     : Creating shared instance of singleton bean 'dataSource'
2025-02-22T02:38:57.431-06:00 DEBUG 15280 --- [urbia] [           main] o.s.b.f.s.DefaultListableBeanFactory     : Creating shared instance of singleton bean 'org.springframework.boot.autoconfigure.jdbc.DataSourceConfiguration$Hikari'
2025-02-22T02:38:57.433-06:00 DEBUG 15280 --- [urbia] [           main] o.s.b.f.s.DefaultListableBeanFactory     : Creating shared instance of singleton bean 'spring.datasource-org.springframework.boot.autoconfigure.jdbc.DataSourceProperties'
2025-02-22T02:38:57.434-06:00 DEBUG 15280 --- [urbia] [           main] o.s.b.f.s.DefaultListableBeanFactory     : Creating shared instance of singleton bean 'org.springframework.boot.context.properties.BoundConfigurationProperties'
2025-02-22T02:38:57.469-06:00 DEBUG 15280 --- [urbia] [           main] o.s.b.f.s.DefaultListableBeanFactory     : Creating shared instance of singleton bean 'jdbcConnectionDetails'
2025-02-22T02:38:57.470-06:00 DEBUG 15280 --- [urbia] [           main] o.s.b.f.s.DefaultListableBeanFactory     : Creating shared instance of singleton bean 'org.springframework.boot.autoconfigure.jdbc.DataSourceAutoConfiguration$PooledDataSourceConfiguration'
2025-02-22T02:38:57.471-06:00 DEBUG 15280 --- [urbia] [           main] o.s.b.f.s.DefaultListableBeanFactory     : Autowiring by type from bean name 'jdbcConnectionDetails' via factory method to bean named 'spring.datasource-org.springframework.boot.autoconfigure.jdbc.DataSourceProperties'
2025-02-22T02:38:57.473-06:00 DEBUG 15280 --- [urbia] [           main] o.s.b.f.s.DefaultListableBeanFactory     : Autowiring by type from bean name 'dataSource' via factory method to bean named 'spring.datasource-org.springframework.boot.autoconfigure.jdbc.DataSourceProperties'
2025-02-22T02:38:57.473-06:00 DEBUG 15280 --- [urbia] [           main] o.s.b.f.s.DefaultListableBeanFactory     : Autowiring by type from bean name 'dataSource' via factory method to bean named 'jdbcConnectionDetails'
2025-02-22T02:38:57.527-06:00 DEBUG 15280 --- [urbia] [           main] o.s.b.f.s.DefaultListableBeanFactory     : Creating shared instance of singleton bean 'spring.jpa-org.springframework.boot.autoconfigure.orm.jpa.JpaProperties'
2025-02-22T02:38:57.536-06:00 DEBUG 15280 --- [urbia] [           main] o.s.b.f.s.DefaultListableBeanFactory     : Creating shared instance of singleton bean 'spring.jpa.hibernate-org.springframework.boot.autoconfigure.orm.jpa.HibernateProperties'
2025-02-22T02:38:57.543-06:00 DEBUG 15280 --- [urbia] [           main] o.s.b.f.s.DefaultListableBeanFactory     : Autowiring by type from bean name 'org.springframework.boot.autoconfigure.orm.jpa.HibernateJpaConfiguration' via constructor to bean named 'dataSource'
2025-02-22T02:38:57.544-06:00 DEBUG 15280 --- [urbia] [           main] o.s.b.f.s.DefaultListableBeanFactory     : Autowiring by type from bean name 'org.springframework.boot.autoconfigure.orm.jpa.HibernateJpaConfiguration' via constructor to bean named 'spring.jpa-org.springframework.boot.autoconfigure.orm.jpa.JpaProperties'
2025-02-22T02:38:57.544-06:00 DEBUG 15280 --- [urbia] [           main] o.s.b.f.s.DefaultListableBeanFactory     : Autowiring by type from bean name 'org.springframework.boot.autoconfigure.orm.jpa.HibernateJpaConfiguration' via constructor to bean named 'org.springframework.beans.factory.support.DefaultListableBeanFactory@27068a50'
2025-02-22T02:38:57.544-06:00 DEBUG 15280 --- [urbia] [           main] o.s.b.f.s.DefaultListableBeanFactory     : Autowiring by type from bean name 'org.springframework.boot.autoconfigure.orm.jpa.HibernateJpaConfiguration' via constructor to bean named 'spring.jpa.hibernate-org.springframework.boot.autoconfigure.orm.jpa.HibernateProperties'
2025-02-22T02:38:57.553-06:00 DEBUG 15280 --- [urbia] [           main] o.s.b.f.s.DefaultListableBeanFactory     : Creating shared instance of singleton bean 'hikariPoolDataSourceMetadataProvider'
2025-02-22T02:38:57.554-06:00 DEBUG 15280 --- [urbia] [           main] o.s.b.f.s.DefaultListableBeanFactory     : Creating shared instance of singleton bean 'org.springframework.boot.autoconfigure.jdbc.metadata.DataSourcePoolMetadataProvidersConfiguration$HikariPoolDataSourceMetadataProviderConfiguration'
2025-02-22T02:38:57.564-06:00 DEBUG 15280 --- [urbia] [           main] o.s.b.f.s.DefaultListableBeanFactory     : Creating shared instance of singleton bean 'entityManagerFactoryBuilder'
2025-02-22T02:38:57.566-06:00 DEBUG 15280 --- [urbia] [           main] o.s.b.f.s.DefaultListableBeanFactory     : Creating shared instance of singleton bean 'jpaVendorAdapter'
2025-02-22T02:38:57.609-06:00 DEBUG 15280 --- [urbia] [           main] o.s.b.f.s.DefaultListableBeanFactory     : Autowiring by type from bean name 'entityManagerFactoryBuilder' via factory method to bean named 'jpaVendorAdapter'
2025-02-22T02:38:57.649-06:00 DEBUG 15280 --- [urbia] [           main] o.s.b.f.s.DefaultListableBeanFactory     : Creating shared instance of singleton bean 'persistenceManagedTypes'
2025-02-22T02:38:57.650-06:00 DEBUG 15280 --- [urbia] [           main] o.s.b.f.s.DefaultListableBeanFactory     : Autowiring by type from bean name 'persistenceManagedTypes' via factory method to bean named 'org.springframework.beans.factory.support.DefaultListableBeanFactory@27068a50'
2025-02-22T02:38:57.651-06:00 DEBUG 15280 --- [urbia] [           main] o.s.b.f.s.DefaultListableBeanFactory     : Autowiring by type from bean name 'persistenceManagedTypes' via factory method to bean named 'org.springframework.context.annotation.AnnotationConfigApplicationContext@14a54ef6'
2025-02-22T02:38:57.682-06:00 DEBUG 15280 --- [urbia] [           main] o.s.b.f.s.DefaultListableBeanFactory     : Autowiring by type from bean name 'entityManagerFactory' via factory method to bean named 'entityManagerFactoryBuilder'
2025-02-22T02:38:57.682-06:00 DEBUG 15280 --- [urbia] [           main] o.s.b.f.s.DefaultListableBeanFactory     : Autowiring by type from bean name 'entityManagerFactory' via factory method to bean named 'persistenceManagedTypes'
2025-02-22T02:38:57.721-06:00 DEBUG 15280 --- [urbia] [           main] j.LocalContainerEntityManagerFactoryBean : Building JPA container EntityManagerFactory for persistence unit 'default'
2025-02-22T02:38:57.808-06:00 DEBUG 15280 --- [urbia] [           main] o.hibernate.jpa.internal.util.LogHelper  : PersistenceUnitInfo [
	name: default
	persistence provider classname: null
	classloader: jdk.internal.loader.ClassLoaders$AppClassLoader@70dea4e
	excludeUnlistedClasses: true
	JTA datasource: null
	Non JTA datasource: HikariDataSource (null)
	Transaction type: RESOURCE_LOCAL
	PU root URL: file:/D:/s21-19-t-webapp/Backend/target/test-classes/
	Shared Cache Mode: UNSPECIFIED
	Validation Mode: AUTO
	Jar files URLs []
	Managed classes names [
		com.backend.urbia.model.Notificacion
		com.backend.urbia.model.Reportes
		com.backend.urbia.model.Usuarios]
	Mapping files names []
	Properties []
2025-02-22T02:38:57.910-06:00 DEBUG 15280 --- [urbia] [           main] o.h.i.internal.IntegratorServiceImpl     : Adding Integrator [org.hibernate.boot.beanvalidation.BeanValidationIntegrator].
2025-02-22T02:38:57.914-06:00 DEBUG 15280 --- [urbia] [           main] o.h.i.internal.IntegratorServiceImpl     : Adding Integrator [org.hibernate.cache.internal.CollectionCacheInvalidator].
2025-02-22T02:38:58.166-06:00  INFO 15280 --- [urbia] [           main] org.hibernate.Version                    : HHH000412: Hibernate ORM core version 6.6.5.Final
2025-02-22T02:38:58.168-06:00 DEBUG 15280 --- [urbia] [           main] org.hibernate.cfg.Environment            : HHH000206: 'hibernate.properties' not found
2025-02-22T02:38:58.207-06:00  INFO 15280 --- [urbia] [           main] o.h.spatial.integration.SpatialService   : HHH80000001: hibernate-spatial integration enabled : true
2025-02-22T02:38:58.216-06:00 DEBUG 15280 --- [urbia] [           main] o.hibernate.service.spi.ServiceBinding   : Overriding existing service binding [org.hibernate.spatial.integration.SpatialService]
2025-02-22T02:38:58.245-06:00 DEBUG 15280 --- [urbia] [           main] org.hibernate.orm.idgen.factory          : Registering IdentifierGenerator strategy [uuid2] -> [org.hibernate.id.UUIDGenerator]
2025-02-22T02:38:58.246-06:00 DEBUG 15280 --- [urbia] [           main] org.hibernate.orm.idgen.factory          : Registering IdentifierGenerator strategy [guid] -> [org.hibernate.id.GUIDGenerator]
2025-02-22T02:38:58.247-06:00 DEBUG 15280 --- [urbia] [           main] org.hibernate.orm.idgen.factory          : Registering IdentifierGenerator strategy [uuid] -> [org.hibernate.id.UUIDHexGenerator]
2025-02-22T02:38:58.247-06:00 DEBUG 15280 --- [urbia] [           main] org.hibernate.orm.idgen.factory          : Registering IdentifierGenerator strategy [uuid.hex] -> [org.hibernate.id.UUIDHexGenerator]
2025-02-22T02:38:58.248-06:00 DEBUG 15280 --- [urbia] [           main] org.hibernate.orm.idgen.factory          : Registering IdentifierGenerator strategy [assigned] -> [org.hibernate.id.Assigned]
2025-02-22T02:38:58.251-06:00 DEBUG 15280 --- [urbia] [           main] org.hibernate.orm.idgen.factory          : Registering IdentifierGenerator strategy [identity] -> [org.hibernate.id.IdentityGenerator]
2025-02-22T02:38:58.252-06:00 DEBUG 15280 --- [urbia] [           main] org.hibernate.orm.idgen.factory          : Registering IdentifierGenerator strategy [select] -> [org.hibernate.id.SelectGenerator]
2025-02-22T02:38:58.255-06:00 DEBUG 15280 --- [urbia] [           main] org.hibernate.orm.idgen.factory          : Registering IdentifierGenerator strategy [sequence] -> [org.hibernate.id.enhanced.SequenceStyleGenerator]
2025-02-22T02:38:58.256-06:00 DEBUG 15280 --- [urbia] [           main] org.hibernate.orm.idgen.factory          : Registering IdentifierGenerator strategy [increment] -> [org.hibernate.id.IncrementGenerator]
2025-02-22T02:38:58.257-06:00 DEBUG 15280 --- [urbia] [           main] org.hibernate.orm.idgen.factory          : Registering IdentifierGenerator strategy [foreign] -> [org.hibernate.id.ForeignGenerator]
2025-02-22T02:38:58.257-06:00 DEBUG 15280 --- [urbia] [           main] org.hibernate.orm.idgen.factory          : Registering IdentifierGenerator strategy [enhanced-sequence] -> [org.hibernate.id.enhanced.SequenceStyleGenerator]
2025-02-22T02:38:58.259-06:00 DEBUG 15280 --- [urbia] [           main] org.hibernate.orm.idgen.factory          : Registering IdentifierGenerator strategy [enhanced-table] -> [org.hibernate.id.enhanced.TableGenerator]
2025-02-22T02:38:58.282-06:00 DEBUG 15280 --- [urbia] [           main] o.h.c.internal.RegionFactoryInitiator    : Cannot default RegionFactory based on registered strategies as `[]` RegionFactory strategies were registered
2025-02-22T02:38:58.284-06:00  INFO 15280 --- [urbia] [           main] o.h.c.internal.RegionFactoryInitiator    : HHH000026: Second-level cache disabled
2025-02-22T02:38:58.584-06:00 DEBUG 15280 --- [urbia] [           main] org.hibernate.type.BasicTypeRegistry     : Adding type registration boolean -> org.hibernate.type.BasicTypeReference@db99785
2025-02-22T02:38:58.584-06:00 DEBUG 15280 --- [urbia] [           main] org.hibernate.type.BasicTypeRegistry     : Adding type registration boolean -> org.hibernate.type.BasicTypeReference@db99785
2025-02-22T02:38:58.584-06:00 DEBUG 15280 --- [urbia] [           main] org.hibernate.type.BasicTypeRegistry     : Adding type registration java.lang.Boolean -> org.hibernate.type.BasicTypeReference@db99785
2025-02-22T02:38:58.584-06:00 DEBUG 15280 --- [urbia] [           main] org.hibernate.type.BasicTypeRegistry     : Adding type registration numeric_boolean -> org.hibernate.type.BasicTypeReference@70716259
2025-02-22T02:38:58.585-06:00 DEBUG 15280 --- [urbia] [           main] org.hibernate.type.BasicTypeRegistry     : Adding type registration org.hibernate.type.NumericBooleanConverter -> org.hibernate.type.BasicTypeReference@70716259
2025-02-22T02:38:58.585-06:00 DEBUG 15280 --- [urbia] [           main] org.hibernate.type.BasicTypeRegistry     : Adding type registration true_false -> org.hibernate.type.BasicTypeReference@7a083b96
2025-02-22T02:38:58.585-06:00 DEBUG 15280 --- [urbia] [           main] org.hibernate.type.BasicTypeRegistry     : Adding type registration org.hibernate.type.TrueFalseConverter -> org.hibernate.type.BasicTypeReference@7a083b96
2025-02-22T02:38:58.585-06:00 DEBUG 15280 --- [urbia] [           main] org.hibernate.type.BasicTypeRegistry     : Adding type registration yes_no -> org.hibernate.type.BasicTypeReference@6da4feeb
2025-02-22T02:38:58.585-06:00 DEBUG 15280 --- [urbia] [           main] org.hibernate.type.BasicTypeRegistry     : Adding type registration org.hibernate.type.YesNoConverter -> org.hibernate.type.BasicTypeReference@6da4feeb
2025-02-22T02:38:58.585-06:00 DEBUG 15280 --- [urbia] [           main] org.hibernate.type.BasicTypeRegistry     : Adding type registration byte -> org.hibernate.type.BasicTypeReference@2c604965
2025-02-22T02:38:58.585-06:00 DEBUG 15280 --- [urbia] [           main] org.hibernate.type.BasicTypeRegistry     : Adding type registration byte -> org.hibernate.type.BasicTypeReference@2c604965
2025-02-22T02:38:58.585-06:00 DEBUG 15280 --- [urbia] [           main] org.hibernate.type.BasicTypeRegistry     : Adding type registration java.lang.Byte -> org.hibernate.type.BasicTypeReference@2c604965
2025-02-22T02:38:58.586-06:00 DEBUG 15280 --- [urbia] [           main] org.hibernate.type.BasicTypeRegistry     : Adding type registration binary -> org.hibernate.type.BasicTypeReference@57f8951a
2025-02-22T02:38:58.586-06:00 DEBUG 15280 --- [urbia] [           main] org.hibernate.type.BasicTypeRegistry     : Adding type registration byte[] -> org.hibernate.type.BasicTypeReference@57f8951a
2025-02-22T02:38:58.586-06:00 DEBUG 15280 --- [urbia] [           main] org.hibernate.type.BasicTypeRegistry     : Adding type registration [B -> org.hibernate.type.BasicTypeReference@57f8951a
2025-02-22T02:38:58.586-06:00 DEBUG 15280 --- [urbia] [           main] org.hibernate.type.BasicTypeRegistry     : Adding type registration binary_wrapper -> org.hibernate.type.BasicTypeReference@6c17c0f8
2025-02-22T02:38:58.586-06:00 DEBUG 15280 --- [urbia] [           main] org.hibernate.type.BasicTypeRegistry     : Adding type registration wrapper-binary -> org.hibernate.type.BasicTypeReference@6c17c0f8
2025-02-22T02:38:58.587-06:00 DEBUG 15280 --- [urbia] [           main] org.hibernate.type.BasicTypeRegistry     : Adding type registration image -> org.hibernate.type.BasicTypeReference@260e3837
2025-02-22T02:38:58.587-06:00 DEBUG 15280 --- [urbia] [           main] org.hibernate.type.BasicTypeRegistry     : Adding type registration blob -> org.hibernate.type.BasicTypeReference@88b76f2
2025-02-22T02:38:58.587-06:00 DEBUG 15280 --- [urbia] [           main] org.hibernate.type.BasicTypeRegistry     : Adding type registration java.sql.Blob -> org.hibernate.type.BasicTypeReference@88b76f2
2025-02-22T02:38:58.587-06:00 DEBUG 15280 --- [urbia] [           main] org.hibernate.type.BasicTypeRegistry     : Adding type registration materialized_blob -> org.hibernate.type.BasicTypeReference@1b4872bc
2025-02-22T02:38:58.587-06:00 DEBUG 15280 --- [urbia] [           main] org.hibernate.type.BasicTypeRegistry     : Adding type registration materialized_blob_wrapper -> org.hibernate.type.BasicTypeReference@498a612d
2025-02-22T02:38:58.587-06:00 DEBUG 15280 --- [urbia] [           main] org.hibernate.type.BasicTypeRegistry     : Adding type registration short -> org.hibernate.type.BasicTypeReference@1e1237ab
2025-02-22T02:38:58.588-06:00 DEBUG 15280 --- [urbia] [           main] org.hibernate.type.BasicTypeRegistry     : Adding type registration short -> org.hibernate.type.BasicTypeReference@1e1237ab
2025-02-22T02:38:58.588-06:00 DEBUG 15280 --- [urbia] [           main] org.hibernate.type.BasicTypeRegistry     : Adding type registration java.lang.Short -> org.hibernate.type.BasicTypeReference@1e1237ab
2025-02-22T02:38:58.588-06:00 DEBUG 15280 --- [urbia] [           main] org.hibernate.type.BasicTypeRegistry     : Adding type registration integer -> org.hibernate.type.BasicTypeReference@4dfdfe7d
2025-02-22T02:38:58.588-06:00 DEBUG 15280 --- [urbia] [           main] org.hibernate.type.BasicTypeRegistry     : Adding type registration int -> org.hibernate.type.BasicTypeReference@4dfdfe7d
2025-02-22T02:38:58.588-06:00 DEBUG 15280 --- [urbia] [           main] org.hibernate.type.BasicTypeRegistry     : Adding type registration java.lang.Integer -> org.hibernate.type.BasicTypeReference@4dfdfe7d
2025-02-22T02:38:58.588-06:00 DEBUG 15280 --- [urbia] [           main] org.hibernate.type.BasicTypeRegistry     : Adding type registration long -> org.hibernate.type.BasicTypeReference@1578b8ec
2025-02-22T02:38:58.588-06:00 DEBUG 15280 --- [urbia] [           main] org.hibernate.type.BasicTypeRegistry     : Adding type registration long -> org.hibernate.type.BasicTypeReference@1578b8ec
2025-02-22T02:38:58.588-06:00 DEBUG 15280 --- [urbia] [           main] org.hibernate.type.BasicTypeRegistry     : Adding type registration java.lang.Long -> org.hibernate.type.BasicTypeReference@1578b8ec
2025-02-22T02:38:58.589-06:00 DEBUG 15280 --- [urbia] [           main] org.hibernate.type.BasicTypeRegistry     : Adding type registration float -> org.hibernate.type.BasicTypeReference@f613067
2025-02-22T02:38:58.589-06:00 DEBUG 15280 --- [urbia] [           main] org.hibernate.type.BasicTypeRegistry     : Adding type registration float -> org.hibernate.type.BasicTypeReference@f613067
2025-02-22T02:38:58.589-06:00 DEBUG 15280 --- [urbia] [           main] org.hibernate.type.BasicTypeRegistry     : Adding type registration java.lang.Float -> org.hibernate.type.BasicTypeReference@f613067
2025-02-22T02:38:58.589-06:00 DEBUG 15280 --- [urbia] [           main] org.hibernate.type.BasicTypeRegistry     : Adding type registration double -> org.hibernate.type.BasicTypeReference@c1e14f
2025-02-22T02:38:58.589-06:00 DEBUG 15280 --- [urbia] [           main] org.hibernate.type.BasicTypeRegistry     : Adding type registration double -> org.hibernate.type.BasicTypeReference@c1e14f
2025-02-22T02:38:58.589-06:00 DEBUG 15280 --- [urbia] [           main] org.hibernate.type.BasicTypeRegistry     : Adding type registration java.lang.Double -> org.hibernate.type.BasicTypeReference@c1e14f
2025-02-22T02:38:58.589-06:00 DEBUG 15280 --- [urbia] [           main] org.hibernate.type.BasicTypeRegistry     : Adding type registration big_integer -> org.hibernate.type.BasicTypeReference@226de93c
2025-02-22T02:38:58.589-06:00 DEBUG 15280 --- [urbia] [           main] org.hibernate.type.BasicTypeRegistry     : Adding type registration java.math.BigInteger -> org.hibernate.type.BasicTypeReference@226de93c
2025-02-22T02:38:58.589-06:00 DEBUG 15280 --- [urbia] [           main] org.hibernate.type.BasicTypeRegistry     : Adding type registration big_decimal -> org.hibernate.type.BasicTypeReference@72028a45
2025-02-22T02:38:58.589-06:00 DEBUG 15280 --- [urbia] [           main] org.hibernate.type.BasicTypeRegistry     : Adding type registration java.math.BigDecimal -> org.hibernate.type.BasicTypeReference@72028a45
2025-02-22T02:38:58.589-06:00 DEBUG 15280 --- [urbia] [           main] org.hibernate.type.BasicTypeRegistry     : Adding type registration character -> org.hibernate.type.BasicTypeReference@74667e6a
2025-02-22T02:38:58.590-06:00 DEBUG 15280 --- [urbia] [           main] org.hibernate.type.BasicTypeRegistry     : Adding type registration char -> org.hibernate.type.BasicTypeReference@74667e6a
2025-02-22T02:38:58.590-06:00 DEBUG 15280 --- [urbia] [           main] org.hibernate.type.BasicTypeRegistry     : Adding type registration java.lang.Character -> org.hibernate.type.BasicTypeReference@74667e6a
2025-02-22T02:38:58.590-06:00 DEBUG 15280 --- [urbia] [           main] org.hibernate.type.BasicTypeRegistry     : Adding type registration character_nchar -> org.hibernate.type.BasicTypeReference@7b222230
2025-02-22T02:38:58.590-06:00 DEBUG 15280 --- [urbia] [           main] org.hibernate.type.BasicTypeRegistry     : Adding type registration string -> org.hibernate.type.BasicTypeReference@364b1061
2025-02-22T02:38:58.590-06:00 DEBUG 15280 --- [urbia] [           main] org.hibernate.type.BasicTypeRegistry     : Adding type registration java.lang.String -> org.hibernate.type.BasicTypeReference@364b1061
2025-02-22T02:38:58.590-06:00 DEBUG 15280 --- [urbia] [           main] org.hibernate.type.BasicTypeRegistry     : Adding type registration nstring -> org.hibernate.type.BasicTypeReference@50fdf44f
2025-02-22T02:38:58.590-06:00 DEBUG 15280 --- [urbia] [           main] org.hibernate.type.BasicTypeRegistry     : Adding type registration characters -> org.hibernate.type.BasicTypeReference@172f4514
2025-02-22T02:38:58.590-06:00 DEBUG 15280 --- [urbia] [           main] org.hibernate.type.BasicTypeRegistry     : Adding type registration char[] -> org.hibernate.type.BasicTypeReference@172f4514
2025-02-22T02:38:58.590-06:00 DEBUG 15280 --- [urbia] [           main] org.hibernate.type.BasicTypeRegistry     : Adding type registration [C -> org.hibernate.type.BasicTypeReference@172f4514
2025-02-22T02:38:58.590-06:00 DEBUG 15280 --- [urbia] [           main] org.hibernate.type.BasicTypeRegistry     : Adding type registration wrapper-characters -> org.hibernate.type.BasicTypeReference@7df6d663
2025-02-22T02:38:58.590-06:00 DEBUG 15280 --- [urbia] [           main] org.hibernate.type.BasicTypeRegistry     : Adding type registration text -> org.hibernate.type.BasicTypeReference@13d019a4
2025-02-22T02:38:58.591-06:00 DEBUG 15280 --- [urbia] [           main] org.hibernate.type.BasicTypeRegistry     : Adding type registration ntext -> org.hibernate.type.BasicTypeReference@2c30c81d
2025-02-22T02:38:58.591-06:00 DEBUG 15280 --- [urbia] [           main] org.hibernate.type.BasicTypeRegistry     : Adding type registration clob -> org.hibernate.type.BasicTypeReference@415a3f6a
2025-02-22T02:38:58.591-06:00 DEBUG 15280 --- [urbia] [           main] org.hibernate.type.BasicTypeRegistry     : Adding type registration java.sql.Clob -> org.hibernate.type.BasicTypeReference@415a3f6a
2025-02-22T02:38:58.591-06:00 DEBUG 15280 --- [urbia] [           main] org.hibernate.type.BasicTypeRegistry     : Adding type registration nclob -> org.hibernate.type.BasicTypeReference@a54acec
2025-02-22T02:38:58.591-06:00 DEBUG 15280 --- [urbia] [           main] org.hibernate.type.BasicTypeRegistry     : Adding type registration java.sql.NClob -> org.hibernate.type.BasicTypeReference@a54acec
2025-02-22T02:38:58.591-06:00 DEBUG 15280 --- [urbia] [           main] org.hibernate.type.BasicTypeRegistry     : Adding type registration materialized_clob -> org.hibernate.type.BasicTypeReference@19da993b
2025-02-22T02:38:58.591-06:00 DEBUG 15280 --- [urbia] [           main] org.hibernate.type.BasicTypeRegistry     : Adding type registration materialized_clob_char_array -> org.hibernate.type.BasicTypeReference@3380ca3d
2025-02-22T02:38:58.591-06:00 DEBUG 15280 --- [urbia] [           main] org.hibernate.type.BasicTypeRegistry     : Adding type registration materialized_clob_character_array -> org.hibernate.type.BasicTypeReference@23310248
2025-02-22T02:38:58.591-06:00 DEBUG 15280 --- [urbia] [           main] org.hibernate.type.BasicTypeRegistry     : Adding type registration materialized_nclob -> org.hibernate.type.BasicTypeReference@c2df90e
2025-02-22T02:38:58.591-06:00 DEBUG 15280 --- [urbia] [           main] org.hibernate.type.BasicTypeRegistry     : Adding type registration materialized_nclob_character_array -> org.hibernate.type.BasicTypeReference@41f3aaf1
2025-02-22T02:38:58.592-06:00 DEBUG 15280 --- [urbia] [           main] org.hibernate.type.BasicTypeRegistry     : Adding type registration materialized_nclob_char_array -> org.hibernate.type.BasicTypeReference@741741d0
2025-02-22T02:38:58.592-06:00 DEBUG 15280 --- [urbia] [           main] org.hibernate.type.BasicTypeRegistry     : Adding type registration Duration -> org.hibernate.type.BasicTypeReference@5f9f3e58
2025-02-22T02:38:58.592-06:00 DEBUG 15280 --- [urbia] [           main] org.hibernate.type.BasicTypeRegistry     : Adding type registration java.time.Duration -> org.hibernate.type.BasicTypeReference@5f9f3e58
2025-02-22T02:38:58.592-06:00 DEBUG 15280 --- [urbia] [           main] org.hibernate.type.BasicTypeRegistry     : Adding type registration LocalDateTime -> org.hibernate.type.BasicTypeReference@3c19592c
2025-02-22T02:38:58.592-06:00 DEBUG 15280 --- [urbia] [           main] org.hibernate.type.BasicTypeRegistry     : Adding type registration java.time.LocalDateTime -> org.hibernate.type.BasicTypeReference@3c19592c
2025-02-22T02:38:58.592-06:00 DEBUG 15280 --- [urbia] [           main] org.hibernate.type.BasicTypeRegistry     : Adding type registration LocalDate -> org.hibernate.type.BasicTypeReference@60e1d87c
2025-02-22T02:38:58.592-06:00 DEBUG 15280 --- [urbia] [           main] org.hibernate.type.BasicTypeRegistry     : Adding type registration java.time.LocalDate -> org.hibernate.type.BasicTypeReference@60e1d87c
2025-02-22T02:38:58.592-06:00 DEBUG 15280 --- [urbia] [           main] org.hibernate.type.BasicTypeRegistry     : Adding type registration LocalTime -> org.hibernate.type.BasicTypeReference@2eb60c71
2025-02-22T02:38:58.592-06:00 DEBUG 15280 --- [urbia] [           main] org.hibernate.type.BasicTypeRegistry     : Adding type registration java.time.LocalTime -> org.hibernate.type.BasicTypeReference@2eb60c71
2025-02-22T02:38:58.592-06:00 DEBUG 15280 --- [urbia] [           main] org.hibernate.type.BasicTypeRegistry     : Adding type registration OffsetDateTime -> org.hibernate.type.BasicTypeReference@87d9a01
2025-02-22T02:38:58.593-06:00 DEBUG 15280 --- [urbia] [           main] org.hibernate.type.BasicTypeRegistry     : Adding type registration java.time.OffsetDateTime -> org.hibernate.type.BasicTypeReference@87d9a01
2025-02-22T02:38:58.593-06:00 DEBUG 15280 --- [urbia] [           main] org.hibernate.type.BasicTypeRegistry     : Adding type registration OffsetDateTimeWithTimezone -> org.hibernate.type.BasicTypeReference@7e5b621b
2025-02-22T02:38:58.593-06:00 DEBUG 15280 --- [urbia] [           main] org.hibernate.type.BasicTypeRegistry     : Adding type registration OffsetDateTimeWithoutTimezone -> org.hibernate.type.BasicTypeReference@10177794
2025-02-22T02:38:58.593-06:00 DEBUG 15280 --- [urbia] [           main] org.hibernate.type.BasicTypeRegistry     : Adding type registration OffsetTime -> org.hibernate.type.BasicTypeReference@e5c2463
2025-02-22T02:38:58.593-06:00 DEBUG 15280 --- [urbia] [           main] org.hibernate.type.BasicTypeRegistry     : Adding type registration java.time.OffsetTime -> org.hibernate.type.BasicTypeReference@e5c2463
2025-02-22T02:38:58.593-06:00 DEBUG 15280 --- [urbia] [           main] org.hibernate.type.BasicTypeRegistry     : Adding type registration OffsetTimeUtc -> org.hibernate.type.BasicTypeReference@6a950a3b
2025-02-22T02:38:58.593-06:00 DEBUG 15280 --- [urbia] [           main] org.hibernate.type.BasicTypeRegistry     : Adding type registration OffsetTimeWithTimezone -> org.hibernate.type.BasicTypeReference@4f7be6c8
2025-02-22T02:38:58.593-06:00 DEBUG 15280 --- [urbia] [           main] org.hibernate.type.BasicTypeRegistry     : Adding type registration OffsetTimeWithoutTimezone -> org.hibernate.type.BasicTypeReference@647b9364
2025-02-22T02:38:58.593-06:00 DEBUG 15280 --- [urbia] [           main] org.hibernate.type.BasicTypeRegistry     : Adding type registration ZonedDateTime -> org.hibernate.type.BasicTypeReference@b6bccb4
2025-02-22T02:38:58.593-06:00 DEBUG 15280 --- [urbia] [           main] org.hibernate.type.BasicTypeRegistry     : Adding type registration java.time.ZonedDateTime -> org.hibernate.type.BasicTypeReference@b6bccb4
2025-02-22T02:38:58.593-06:00 DEBUG 15280 --- [urbia] [           main] org.hibernate.type.BasicTypeRegistry     : Adding type registration ZonedDateTimeWithTimezone -> org.hibernate.type.BasicTypeReference@49edcb30
2025-02-22T02:38:58.594-06:00 DEBUG 15280 --- [urbia] [           main] org.hibernate.type.BasicTypeRegistry     : Adding type registration ZonedDateTimeWithoutTimezone -> org.hibernate.type.BasicTypeReference@59303963
2025-02-22T02:38:58.594-06:00 DEBUG 15280 --- [urbia] [           main] org.hibernate.type.BasicTypeRegistry     : Adding type registration date -> org.hibernate.type.BasicTypeReference@61e86192
2025-02-22T02:38:58.594-06:00 DEBUG 15280 --- [urbia] [           main] org.hibernate.type.BasicTypeRegistry     : Adding type registration java.sql.Date -> org.hibernate.type.BasicTypeReference@61e86192
2025-02-22T02:38:58.594-06:00 DEBUG 15280 --- [urbia] [           main] org.hibernate.type.BasicTypeRegistry     : Adding type registration time -> org.hibernate.type.BasicTypeReference@34330f77
2025-02-22T02:38:58.594-06:00 DEBUG 15280 --- [urbia] [           main] org.hibernate.type.BasicTypeRegistry     : Adding type registration java.sql.Time -> org.hibernate.type.BasicTypeReference@34330f77
2025-02-22T02:38:58.594-06:00 DEBUG 15280 --- [urbia] [           main] org.hibernate.type.BasicTypeRegistry     : Adding type registration timestamp -> org.hibernate.type.BasicTypeReference@1320e68a
2025-02-22T02:38:58.594-06:00 DEBUG 15280 --- [urbia] [           main] org.hibernate.type.BasicTypeRegistry     : Adding type registration java.sql.Timestamp -> org.hibernate.type.BasicTypeReference@1320e68a
2025-02-22T02:38:58.594-06:00 DEBUG 15280 --- [urbia] [           main] org.hibernate.type.BasicTypeRegistry     : Adding type registration java.util.Date -> org.hibernate.type.BasicTypeReference@1320e68a
2025-02-22T02:38:58.595-06:00 DEBUG 15280 --- [urbia] [           main] org.hibernate.type.BasicTypeRegistry     : Adding type registration calendar -> org.hibernate.type.BasicTypeReference@4b033eac
2025-02-22T02:38:58.595-06:00 DEBUG 15280 --- [urbia] [           main] org.hibernate.type.BasicTypeRegistry     : Adding type registration java.util.Calendar -> org.hibernate.type.BasicTypeReference@4b033eac
2025-02-22T02:38:58.596-06:00 DEBUG 15280 --- [urbia] [           main] org.hibernate.type.BasicTypeRegistry     : Adding type registration java.util.GregorianCalendar -> org.hibernate.type.BasicTypeReference@4b033eac
2025-02-22T02:38:58.596-06:00 DEBUG 15280 --- [urbia] [           main] org.hibernate.type.BasicTypeRegistry     : Adding type registration calendar_date -> org.hibernate.type.BasicTypeReference@45a1d057
2025-02-22T02:38:58.596-06:00 DEBUG 15280 --- [urbia] [           main] org.hibernate.type.BasicTypeRegistry     : Adding type registration calendar_time -> org.hibernate.type.BasicTypeReference@51a16adf
2025-02-22T02:38:58.596-06:00 DEBUG 15280 --- [urbia] [           main] org.hibernate.type.BasicTypeRegistry     : Adding type registration instant -> org.hibernate.type.BasicTypeReference@385d819
2025-02-22T02:38:58.596-06:00 DEBUG 15280 --- [urbia] [           main] org.hibernate.type.BasicTypeRegistry     : Adding type registration java.time.Instant -> org.hibernate.type.BasicTypeReference@385d819
2025-02-22T02:38:58.596-06:00 DEBUG 15280 --- [urbia] [           main] org.hibernate.type.BasicTypeRegistry     : Adding type registration uuid -> org.hibernate.type.BasicTypeReference@4315c28c
2025-02-22T02:38:58.596-06:00 DEBUG 15280 --- [urbia] [           main] org.hibernate.type.BasicTypeRegistry     : Adding type registration java.util.UUID -> org.hibernate.type.BasicTypeReference@4315c28c
2025-02-22T02:38:58.596-06:00 DEBUG 15280 --- [urbia] [           main] org.hibernate.type.BasicTypeRegistry     : Adding type registration pg-uuid -> org.hibernate.type.BasicTypeReference@4315c28c
2025-02-22T02:38:58.597-06:00 DEBUG 15280 --- [urbia] [           main] org.hibernate.type.BasicTypeRegistry     : Adding type registration uuid-binary -> org.hibernate.type.BasicTypeReference@8fd91d1
2025-02-22T02:38:58.597-06:00 DEBUG 15280 --- [urbia] [           main] org.hibernate.type.BasicTypeRegistry     : Adding type registration uuid-char -> org.hibernate.type.BasicTypeReference@52d0f583
2025-02-22T02:38:58.597-06:00 DEBUG 15280 --- [urbia] [           main] org.hibernate.type.BasicTypeRegistry     : Adding type registration class -> org.hibernate.type.BasicTypeReference@7fb8bad0
2025-02-22T02:38:58.597-06:00 DEBUG 15280 --- [urbia] [           main] org.hibernate.type.BasicTypeRegistry     : Adding type registration java.lang.Class -> org.hibernate.type.BasicTypeReference@7fb8bad0
2025-02-22T02:38:58.597-06:00 DEBUG 15280 --- [urbia] [           main] org.hibernate.type.BasicTypeRegistry     : Adding type registration currency -> org.hibernate.type.BasicTypeReference@12d40609
2025-02-22T02:38:58.597-06:00 DEBUG 15280 --- [urbia] [           main] org.hibernate.type.BasicTypeRegistry     : Adding type registration Currency -> org.hibernate.type.BasicTypeReference@12d40609
2025-02-22T02:38:58.597-06:00 DEBUG 15280 --- [urbia] [           main] org.hibernate.type.BasicTypeRegistry     : Adding type registration java.util.Currency -> org.hibernate.type.BasicTypeReference@12d40609
2025-02-22T02:38:58.597-06:00 DEBUG 15280 --- [urbia] [           main] org.hibernate.type.BasicTypeRegistry     : Adding type registration locale -> org.hibernate.type.BasicTypeReference@76437e9b
2025-02-22T02:38:58.598-06:00 DEBUG 15280 --- [urbia] [           main] org.hibernate.type.BasicTypeRegistry     : Adding type registration java.util.Locale -> org.hibernate.type.BasicTypeReference@76437e9b
2025-02-22T02:38:58.598-06:00 DEBUG 15280 --- [urbia] [           main] org.hibernate.type.BasicTypeRegistry     : Adding type registration serializable -> org.hibernate.type.BasicTypeReference@236ae13d
2025-02-22T02:38:58.598-06:00 DEBUG 15280 --- [urbia] [           main] org.hibernate.type.BasicTypeRegistry     : Adding type registration java.io.Serializable -> org.hibernate.type.BasicTypeReference@236ae13d
2025-02-22T02:38:58.598-06:00 DEBUG 15280 --- [urbia] [           main] org.hibernate.type.BasicTypeRegistry     : Adding type registration timezone -> org.hibernate.type.BasicTypeReference@193eb1ba
2025-02-22T02:38:58.598-06:00 DEBUG 15280 --- [urbia] [           main] org.hibernate.type.BasicTypeRegistry     : Adding type registration java.util.TimeZone -> org.hibernate.type.BasicTypeReference@193eb1ba
2025-02-22T02:38:58.598-06:00 DEBUG 15280 --- [urbia] [           main] org.hibernate.type.BasicTypeRegistry     : Adding type registration ZoneOffset -> org.hibernate.type.BasicTypeReference@2be818da
2025-02-22T02:38:58.598-06:00 DEBUG 15280 --- [urbia] [           main] org.hibernate.type.BasicTypeRegistry     : Adding type registration java.time.ZoneOffset -> org.hibernate.type.BasicTypeReference@2be818da
2025-02-22T02:38:58.598-06:00 DEBUG 15280 --- [urbia] [           main] org.hibernate.type.BasicTypeRegistry     : Adding type registration url -> org.hibernate.type.BasicTypeReference@46320c9a
2025-02-22T02:38:58.598-06:00 DEBUG 15280 --- [urbia] [           main] org.hibernate.type.BasicTypeRegistry     : Adding type registration java.net.URL -> org.hibernate.type.BasicTypeReference@46320c9a
2025-02-22T02:38:58.598-06:00 DEBUG 15280 --- [urbia] [           main] org.hibernate.type.BasicTypeRegistry     : Adding type registration vector -> org.hibernate.type.BasicTypeReference@32256e68
2025-02-22T02:38:58.599-06:00 DEBUG 15280 --- [urbia] [           main] org.hibernate.type.BasicTypeRegistry     : Adding type registration float_vector -> org.hibernate.type.BasicTypeReference@5e7abaf7
2025-02-22T02:38:58.599-06:00 DEBUG 15280 --- [urbia] [           main] org.hibernate.type.BasicTypeRegistry     : Adding type registration double_vector -> org.hibernate.type.BasicTypeReference@353f472a
2025-02-22T02:38:58.599-06:00 DEBUG 15280 --- [urbia] [           main] org.hibernate.type.BasicTypeRegistry     : Adding type registration byte_vector -> org.hibernate.type.BasicTypeReference@63bfdbcb
2025-02-22T02:38:58.599-06:00 DEBUG 15280 --- [urbia] [           main] org.hibernate.type.BasicTypeRegistry     : Adding type registration row_version -> org.hibernate.type.BasicTypeReference@7af0affa
2025-02-22T02:38:58.614-06:00 DEBUG 15280 --- [urbia] [           main] org.hibernate.type.BasicTypeRegistry     : Adding type registration object -> org.hibernate.type.JavaObjectType@6b415f5f
2025-02-22T02:38:58.614-06:00 DEBUG 15280 --- [urbia] [           main] org.hibernate.type.BasicTypeRegistry     : Adding type registration java.lang.Object -> org.hibernate.type.JavaObjectType@6b415f5f
2025-02-22T02:38:58.616-06:00 DEBUG 15280 --- [urbia] [           main] org.hibernate.type.BasicTypeRegistry     : Adding type registration null -> org.hibernate.type.NullType@19dc0d32
2025-02-22T02:38:58.616-06:00 DEBUG 15280 --- [urbia] [           main] org.hibernate.type.BasicTypeRegistry     : Adding type registration imm_date -> org.hibernate.type.BasicTypeReference@70b2fa10
2025-02-22T02:38:58.616-06:00 DEBUG 15280 --- [urbia] [           main] org.hibernate.type.BasicTypeRegistry     : Adding type registration imm_time -> org.hibernate.type.BasicTypeReference@7c96c85
2025-02-22T02:38:58.616-06:00 DEBUG 15280 --- [urbia] [           main] org.hibernate.type.BasicTypeRegistry     : Adding type registration imm_timestamp -> org.hibernate.type.BasicTypeReference@b0f2d91
2025-02-22T02:38:58.616-06:00 DEBUG 15280 --- [urbia] [           main] org.hibernate.type.BasicTypeRegistry     : Adding type registration imm_calendar -> org.hibernate.type.BasicTypeReference@7243145f
2025-02-22T02:38:58.616-06:00 DEBUG 15280 --- [urbia] [           main] org.hibernate.type.BasicTypeRegistry     : Adding type registration imm_calendar_date -> org.hibernate.type.BasicTypeReference@15c6027d
2025-02-22T02:38:58.617-06:00 DEBUG 15280 --- [urbia] [           main] org.hibernate.type.BasicTypeRegistry     : Adding type registration imm_calendar_time -> org.hibernate.type.BasicTypeReference@5927f904
2025-02-22T02:38:58.617-06:00 DEBUG 15280 --- [urbia] [           main] org.hibernate.type.BasicTypeRegistry     : Adding type registration imm_binary -> org.hibernate.type.BasicTypeReference@2bb62414
2025-02-22T02:38:58.617-06:00 DEBUG 15280 --- [urbia] [           main] org.hibernate.type.BasicTypeRegistry     : Adding type registration imm_serializable -> org.hibernate.type.BasicTypeReference@413d2cd1
2025-02-22T02:38:58.627-06:00 DEBUG 15280 --- [urbia] [           main] o.h.boot.internal.BootstrapContextImpl   : Injecting JPA temp ClassLoader [org.springframework.instrument.classloading.SimpleThrowawayClassLoader@3c9ef6e9] into BootstrapContext; was [null]
2025-02-22T02:38:58.627-06:00 DEBUG 15280 --- [urbia] [           main] o.h.boot.internal.ClassLoaderAccessImpl  : ClassLoaderAccessImpl#injectTempClassLoader(org.springframework.instrument.classloading.SimpleThrowawayClassLoader@3c9ef6e9) [was null]
2025-02-22T02:38:58.630-06:00 DEBUG 15280 --- [urbia] [           main] o.h.boot.internal.BootstrapContextImpl   : Injecting ScanEnvironment [org.hibernate.jpa.boot.internal.StandardJpaScanEnvironmentImpl@27b337bb] into BootstrapContext; was [null]
2025-02-22T02:38:58.630-06:00 DEBUG 15280 --- [urbia] [           main] o.h.boot.internal.BootstrapContextImpl   : Injecting ScanOptions [org.hibernate.boot.archive.scan.internal.StandardScanOptions@59636c47] into BootstrapContext; was [org.hibernate.boot.archive.scan.internal.StandardScanOptions@5c18d6d4]
2025-02-22T02:38:58.744-06:00  INFO 15280 --- [urbia] [           main] com.zaxxer.hikari.HikariDataSource       : HikariPool-1 - Starting...
2025-02-22T02:38:59.082-06:00  INFO 15280 --- [urbia] [           main] com.zaxxer.hikari.pool.HikariPool        : HikariPool-1 - Added connection conn0: url=jdbc:h2:mem:testdb user=POSTGRES
2025-02-22T02:38:59.086-06:00  INFO 15280 --- [urbia] [           main] com.zaxxer.hikari.HikariDataSource       : HikariPool-1 - Start completed.
2025-02-22T02:38:59.106-06:00 DEBUG 15280 --- [urbia] [           main] o.h.e.j.e.i.JdbcEnvironmentInitiator     : Database ->
	   name : H2
	version : 2.2.224 (2023-09-17)
	  major : 2
	  minor : 2
2025-02-22T02:38:59.106-06:00 DEBUG 15280 --- [urbia] [           main] o.h.e.j.e.i.JdbcEnvironmentInitiator     : Driver ->
	   name : H2 JDBC Driver
	version : 2.2.224 (2023-09-17)
	  major : 2
	  minor : 2
2025-02-22T02:38:59.106-06:00 DEBUG 15280 --- [urbia] [           main] o.h.e.j.e.i.JdbcEnvironmentInitiator     : JDBC version : 4.2
2025-02-22T02:38:59.167-06:00  WARN 15280 --- [urbia] [           main] org.hibernate.orm.deprecation            : HHH90000025: H2Dialect does not need to be specified explicitly using 'hibernate.dialect' (remove the property setting and it will be selected by default)
2025-02-22T02:38:59.170-06:00 DEBUG 15280 --- [urbia] [           main] org.hibernate.orm.dialect                : HHH035001: Using dialect: org.hibernate.dialect.H2Dialect, version: 2.2.224
2025-02-22T02:38:59.179-06:00 DEBUG 15280 --- [urbia] [           main] o.h.e.j.env.spi.IdentifierHelperBuilder  : JDBC driver metadata reported database stores quoted identifiers in neither upper, lower nor mixed case
2025-02-22T02:38:59.240-06:00  INFO 15280 --- [urbia] [           main] org.hibernate.orm.connections.pooling    : HHH10001005: Database info:
	Database JDBC URL [Connecting through datasource 'HikariDataSource (HikariPool-1)']
	Database driver: undefined/unknown
	Database version: 2.2.224
	Autocommit mode: undefined/unknown
	Isolation level: undefined/unknown
	Minimum pool size: undefined/unknown
	Maximum pool size: undefined/unknown
2025-02-22T02:38:59.325-06:00  INFO 15280 --- [urbia] [           main] org.hibernate.spatial                    : HHH80000003: hibernate-spatial adding type contributions from : org.hibernate.spatial.dialect.h2gis.H2GisDialectContributor
2025-02-22T02:38:59.900-06:00  INFO 15280 --- [urbia] [           main] o.s.o.j.p.SpringPersistenceUnitInfo      : No LoadTimeWeaver setup: ignoring JPA class transformer
2025-02-22T02:38:59.901-06:00 DEBUG 15280 --- [urbia] [           main] o.h.boot.internal.BootstrapContextImpl   : Injecting JPA temp ClassLoader [null] into BootstrapContext; was [org.springframework.instrument.classloading.SimpleThrowawayClassLoader@3c9ef6e9]
2025-02-22T02:38:59.901-06:00 DEBUG 15280 --- [urbia] [           main] o.h.boot.internal.ClassLoaderAccessImpl  : ClassLoaderAccessImpl#injectTempClassLoader(null) [was org.springframework.instrument.classloading.SimpleThrowawayClassLoader@3c9ef6e9]
2025-02-22T02:38:59.935-06:00 DEBUG 15280 --- [urbia] [           main] o.h.t.d.jdbc.spi.JdbcTypeRegistry        : addDescriptor(NCharTypeDescriptor) replaced previous registration(CharTypeDescriptor)
2025-02-22T02:38:59.935-06:00 DEBUG 15280 --- [urbia] [           main] o.h.t.d.jdbc.spi.JdbcTypeRegistry        : addDescriptor(NVarcharTypeDescriptor) replaced previous registration(VarcharTypeDescriptor)
2025-02-22T02:38:59.937-06:00 DEBUG 15280 --- [urbia] [           main] o.h.t.d.jdbc.spi.JdbcTypeRegistry        : addDescriptor(LongNVarcharTypeDescriptor) replaced previous registration(LongVarcharTypeDescriptor)
2025-02-22T02:38:59.944-06:00 DEBUG 15280 --- [urbia] [           main] o.h.t.d.jdbc.spi.JdbcTypeRegistry        : addDescriptor(NClobTypeDescriptor(DEFAULT)) replaced previous registration(ClobTypeDescriptor(DEFAULT))
2025-02-22T02:38:59.950-06:00 DEBUG 15280 --- [urbia] [           main] o.h.t.d.jdbc.spi.JdbcTypeRegistry        : addDescriptor(TimestampUtcDescriptor) replaced previous registration(TimestampUtcDescriptor)
2025-02-22T02:38:59.954-06:00 DEBUG 15280 --- [urbia] [           main] o.h.t.d.java.spi.JavaTypeRegistry        : JavaTypeRegistry entry replaced : class org.geolatte.geom.Geometry -> org.hibernate.spatial.GeolatteGeometryJavaType@7740b0ab (was org.hibernate.spatial.GeolatteGeometryJavaType@7740b0ab)
2025-02-22T02:38:59.954-06:00 DEBUG 15280 --- [urbia] [           main] o.h.t.d.java.spi.JavaTypeRegistry        : JavaTypeRegistry entry replaced : class org.geolatte.geom.Point -> org.hibernate.spatial.GeolatteGeometryJavaType@3eb9c575 (was org.hibernate.spatial.GeolatteGeometryJavaType@3eb9c575)
2025-02-22T02:38:59.954-06:00 DEBUG 15280 --- [urbia] [           main] o.h.t.d.java.spi.JavaTypeRegistry        : JavaTypeRegistry entry replaced : class org.geolatte.geom.LineString -> org.hibernate.spatial.GeolatteGeometryJavaType@3f322610 (was org.hibernate.spatial.GeolatteGeometryJavaType@3f322610)
2025-02-22T02:38:59.954-06:00 DEBUG 15280 --- [urbia] [           main] o.h.t.d.java.spi.JavaTypeRegistry        : JavaTypeRegistry entry replaced : class org.geolatte.geom.Polygon -> org.hibernate.spatial.GeolatteGeometryJavaType@1e477944 (was org.hibernate.spatial.GeolatteGeometryJavaType@1e477944)
2025-02-22T02:38:59.954-06:00 DEBUG 15280 --- [urbia] [           main] o.h.t.d.java.spi.JavaTypeRegistry        : JavaTypeRegistry entry replaced : class org.geolatte.geom.MultiPoint -> org.hibernate.spatial.GeolatteGeometryJavaType@6cf047cf (was org.hibernate.spatial.GeolatteGeometryJavaType@6cf047cf)
2025-02-22T02:38:59.955-06:00 DEBUG 15280 --- [urbia] [           main] o.h.t.d.java.spi.JavaTypeRegistry        : JavaTypeRegistry entry replaced : class org.geolatte.geom.MultiLineString -> org.hibernate.spatial.GeolatteGeometryJavaType@1c92a549 (was org.hibernate.spatial.GeolatteGeometryJavaType@1c92a549)
2025-02-22T02:38:59.955-06:00 DEBUG 15280 --- [urbia] [           main] o.h.t.d.java.spi.JavaTypeRegistry        : JavaTypeRegistry entry replaced : class org.geolatte.geom.MultiPolygon -> org.hibernate.spatial.GeolatteGeometryJavaType@323e026d (was org.hibernate.spatial.GeolatteGeometryJavaType@323e026d)
2025-02-22T02:38:59.955-06:00 DEBUG 15280 --- [urbia] [           main] o.h.t.d.java.spi.JavaTypeRegistry        : JavaTypeRegistry entry replaced : class org.geolatte.geom.GeometryCollection -> org.hibernate.spatial.GeolatteGeometryJavaType@1716c037 (was org.hibernate.spatial.GeolatteGeometryJavaType@1716c037)
2025-02-22T02:38:59.955-06:00 DEBUG 15280 --- [urbia] [           main] o.h.t.d.java.spi.JavaTypeRegistry        : JavaTypeRegistry entry replaced : class org.locationtech.jts.geom.Geometry -> org.hibernate.spatial.JTSGeometryJavaType@79b63325 (was org.hibernate.spatial.JTSGeometryJavaType@79b63325)
2025-02-22T02:38:59.955-06:00 DEBUG 15280 --- [urbia] [           main] o.h.t.d.java.spi.JavaTypeRegistry        : JavaTypeRegistry entry replaced : class org.locationtech.jts.geom.Point -> org.hibernate.spatial.JTSGeometryJavaType@708769b7 (was org.hibernate.spatial.JTSGeometryJavaType@708769b7)
2025-02-22T02:38:59.955-06:00 DEBUG 15280 --- [urbia] [           main] o.h.t.d.java.spi.JavaTypeRegistry        : JavaTypeRegistry entry replaced : class org.locationtech.jts.geom.LineString -> org.hibernate.spatial.JTSGeometryJavaType@32e830a0 (was org.hibernate.spatial.JTSGeometryJavaType@32e830a0)
2025-02-22T02:38:59.955-06:00 DEBUG 15280 --- [urbia] [           main] o.h.t.d.java.spi.JavaTypeRegistry        : JavaTypeRegistry entry replaced : class org.locationtech.jts.geom.Polygon -> org.hibernate.spatial.JTSGeometryJavaType@135e49b2 (was org.hibernate.spatial.JTSGeometryJavaType@135e49b2)
2025-02-22T02:38:59.955-06:00 DEBUG 15280 --- [urbia] [           main] o.h.t.d.java.spi.JavaTypeRegistry        : JavaTypeRegistry entry replaced : class org.locationtech.jts.geom.MultiPoint -> org.hibernate.spatial.JTSGeometryJavaType@5bb97fe7 (was org.hibernate.spatial.JTSGeometryJavaType@5bb97fe7)
2025-02-22T02:38:59.955-06:00 DEBUG 15280 --- [urbia] [           main] o.h.t.d.java.spi.JavaTypeRegistry        : JavaTypeRegistry entry replaced : class org.locationtech.jts.geom.MultiLineString -> org.hibernate.spatial.JTSGeometryJavaType@10b87ff6 (was org.hibernate.spatial.JTSGeometryJavaType@10b87ff6)
2025-02-22T02:38:59.955-06:00 DEBUG 15280 --- [urbia] [           main] o.h.t.d.java.spi.JavaTypeRegistry        : JavaTypeRegistry entry replaced : class org.locationtech.jts.geom.MultiPolygon -> org.hibernate.spatial.JTSGeometryJavaType@63262071 (was org.hibernate.spatial.JTSGeometryJavaType@63262071)
2025-02-22T02:38:59.955-06:00 DEBUG 15280 --- [urbia] [           main] o.h.t.d.java.spi.JavaTypeRegistry        : JavaTypeRegistry entry replaced : class org.locationtech.jts.geom.GeometryCollection -> org.hibernate.spatial.JTSGeometryJavaType@2d4f67e (was org.hibernate.spatial.JTSGeometryJavaType@2d4f67e)
2025-02-22T02:38:59.955-06:00  INFO 15280 --- [urbia] [           main] org.hibernate.spatial                    : HHH80000003: hibernate-spatial adding type contributions from : org.hibernate.spatial.dialect.h2gis.H2GisDialectContributor
2025-02-22T02:38:59.965-06:00 DEBUG 15280 --- [urbia] [           main] org.hibernate.type.BasicTypeRegistry     : Adding type registration org.hibernate.type.DurationType -> basicType@1(java.time.Duration,3015)
2025-02-22T02:38:59.965-06:00 DEBUG 15280 --- [urbia] [           main] org.hibernate.type.BasicTypeRegistry     : Adding type registration Duration -> basicType@1(java.time.Duration,3015)
2025-02-22T02:38:59.966-06:00 DEBUG 15280 --- [urbia] [           main] org.hibernate.type.BasicTypeRegistry     : Adding type registration java.time.Duration -> basicType@1(java.time.Duration,3015)
2025-02-22T02:38:59.977-06:00 DEBUG 15280 --- [urbia] [           main] o.h.type.spi.TypeConfiguration$Scope     : Scoping TypeConfiguration [org.hibernate.type.spi.TypeConfiguration@a69f9d] to MetadataBuildingContext [org.hibernate.boot.internal.MetadataBuildingContextRootImpl@5a8dcfbb]
2025-02-22T02:39:00.040-06:00 DEBUG 15280 --- [urbia] [           main] o.h.boot.model.relational.Namespace      : Created database namespace [logicalName=Name{catalog=null, schema=null}, physicalName=Name{catalog=null, schema=null}]
2025-02-22T02:39:00.093-06:00 DEBUG 15280 --- [urbia] [           main] o.h.boot.model.internal.EntityBinder     : Binding entity from annotated class: com.backend.urbia.model.Notificacion
2025-02-22T02:39:00.104-06:00 DEBUG 15280 --- [urbia] [           main] o.h.boot.model.internal.EntityBinder     : Import with entity name Notificacion
2025-02-22T02:39:00.119-06:00 DEBUG 15280 --- [urbia] [           main] o.h.boot.model.internal.EntityBinder     : Bind entity com.backend.urbia.model.Notificacion on table notificacion
2025-02-22T02:39:00.136-06:00 DEBUG 15280 --- [urbia] [           main] o.h.boot.model.internal.AnnotatedColumn  : Binding column: AnnotatedDiscriminatorColumn(column='DTYPE')
2025-02-22T02:39:00.166-06:00 DEBUG 15280 --- [urbia] [           main] o.h.boot.model.internal.AnnotatedColumn  : Binding column: AnnotatedColumn()
2025-02-22T02:39:00.167-06:00 DEBUG 15280 --- [urbia] [           main] o.h.boot.internal.ClassLoaderAccessImpl  : Not known whether passed class name [com.backend.urbia.model.Notificacion] is safe
2025-02-22T02:39:00.167-06:00 DEBUG 15280 --- [urbia] [           main] o.h.boot.internal.ClassLoaderAccessImpl  : No temp ClassLoader provided; using live ClassLoader for loading potentially unsafe class : com.backend.urbia.model.Notificacion
2025-02-22T02:39:00.173-06:00 DEBUG 15280 --- [urbia] [           main] o.h.boot.model.internal.PropertyBinder   : MetadataSourceProcessor property id with lazy=false
2025-02-22T02:39:00.180-06:00 DEBUG 15280 --- [urbia] [           main] o.h.b.m.internal.AbstractPropertyHolder  : Attempting to locate auto-apply AttributeConverter for property [com.backend.urbia.model.Notificacion:id]
2025-02-22T02:39:00.185-06:00 DEBUG 15280 --- [urbia] [           main] o.h.b.model.internal.BasicValueBinder    : building BasicValue for id
2025-02-22T02:39:00.190-06:00 DEBUG 15280 --- [urbia] [           main] org.hibernate.mapping.BasicValue         : Skipping column re-registration: notificacion.id
2025-02-22T02:39:00.192-06:00 DEBUG 15280 --- [urbia] [           main] o.h.boot.model.internal.PropertyBinder   : Building property id
2025-02-22T02:39:00.198-06:00 DEBUG 15280 --- [urbia] [           main] o.h.boot.model.internal.BinderHelper     : #makeIdGenerator(BasicValue([Column(id)]), id, identity, , ...)
2025-02-22T02:39:00.200-06:00 DEBUG 15280 --- [urbia] [           main] o.h.boot.model.internal.AnnotatedColumn  : Binding column: AnnotatedColumn()
2025-02-22T02:39:00.201-06:00 DEBUG 15280 --- [urbia] [           main] o.h.boot.model.internal.PropertyBinder   : MetadataSourceProcessor property fecha with lazy=false
2025-02-22T02:39:00.201-06:00 DEBUG 15280 --- [urbia] [           main] o.h.b.m.internal.AbstractPropertyHolder  : Attempting to locate auto-apply AttributeConverter for property [com.backend.urbia.model.Notificacion:fecha]
[...]
      Matched:
         - @ConditionalOnClass found required classes 'jakarta.mail.internet.MimeMessage', 'jakarta.activation.MimeType', 'org.springframework.mail.MailSender' (OnClassCondition)

   MailSenderValidatorAutoConfiguration:
      Did not match:
         - @ConditionalOnProperty (spring.mail.test-connection) did not find property 'test-connection' (OnPropertyCondition)

   MessageSourceAutoConfiguration:
      Did not match:
         - ResourceBundle did not find bundle with basename messages (MessageSourceAutoConfiguration.ResourceBundleCondition)

   MongoAutoConfiguration:
      Did not match:
         - @ConditionalOnClass did not find required class 'com.mongodb.client.MongoClient' (OnClassCondition)

   MongoDataAutoConfiguration:
      Did not match:
         - @ConditionalOnClass did not find required class 'com.mongodb.client.MongoClient' (OnClassCondition)

   MongoReactiveAutoConfiguration:
      Did not match:
         - @ConditionalOnClass did not find required class 'com.mongodb.reactivestreams.client.MongoClient' (OnClassCondition)

   MongoReactiveDataAutoConfiguration:
      Did not match:
         - @ConditionalOnClass did not find required class 'com.mongodb.reactivestreams.client.MongoClient' (OnClassCondition)

   MongoReactiveRepositoriesAutoConfiguration:
      Did not match:
         - @ConditionalOnClass did not find required class 'com.mongodb.reactivestreams.client.MongoClient' (OnClassCondition)

   MongoRepositoriesAutoConfiguration:
      Did not match:
         - @ConditionalOnClass did not find required class 'com.mongodb.client.MongoClient' (OnClassCondition)

   MultipartAutoConfiguration:
      Did not match:
         - not a servlet web application (OnWebApplicationCondition)
      Matched:
         - @ConditionalOnClass found required classes 'jakarta.servlet.Servlet', 'org.springframework.web.multipart.support.StandardServletMultipartResolver', 'jakarta.servlet.MultipartConfigElement' (OnClassCondition)

   MustacheAutoConfiguration:
      Did not match:
         - @ConditionalOnClass did not find required class 'com.samskivert.mustache.Mustache' (OnClassCondition)

   Neo4jAutoConfiguration:
      Did not match:
         - @ConditionalOnClass did not find required class 'org.neo4j.driver.Driver' (OnClassCondition)

   Neo4jDataAutoConfiguration:
      Did not match:
         - @ConditionalOnClass did not find required class 'org.neo4j.driver.Driver' (OnClassCondition)

   Neo4jReactiveDataAutoConfiguration:
      Did not match:
         - @ConditionalOnClass did not find required class 'org.neo4j.driver.Driver' (OnClassCondition)

   Neo4jReactiveRepositoriesAutoConfiguration:
      Did not match:
         - @ConditionalOnClass did not find required class 'org.neo4j.driver.Driver' (OnClassCondition)

   Neo4jRepositoriesAutoConfiguration:
      Did not match:
         - @ConditionalOnClass did not find required class 'org.neo4j.driver.Driver' (OnClassCondition)

   NettyAutoConfiguration:
      Did not match:
         - @ConditionalOnClass did not find required class 'io.netty.util.NettyRuntime' (OnClassCondition)

   OAuth2AuthorizationServerAutoConfiguration:
      Did not match:
         - @ConditionalOnClass did not find required class 'org.springframework.security.oauth2.server.authorization.OAuth2Authorization' (OnClassCondition)

   OAuth2AuthorizationServerJwtAutoConfiguration:
      Did not match:
         - @ConditionalOnClass did not find required class 'org.springframework.security.oauth2.server.authorization.OAuth2Authorization' (OnClassCondition)

   OAuth2ClientAutoConfiguration:
      Did not match:
         - @ConditionalOnClass did not find required class 'org.springframework.security.oauth2.client.registration.ClientRegistration' (OnClassCondition)

   OAuth2ResourceServerAutoConfiguration:
      Did not match:
         - @ConditionalOnClass did not find required class 'org.springframework.security.oauth2.server.resource.authentication.BearerTokenAuthenticationToken' (OnClassCondition)

   ProjectInfoAutoConfiguration#buildProperties:
      Did not match:
         - @ConditionalOnResource did not find resource '${spring.info.build.location:classpath:META-INF/build-info.properties}' (OnResourceCondition)

   ProjectInfoAutoConfiguration#gitProperties:
      Did not match:
         - GitResource did not find git info at classpath:git.properties (ProjectInfoAutoConfiguration.GitResourceAvailableCondition)

   PulsarAutoConfiguration:
      Did not match:
         - @ConditionalOnClass did not find required class 'org.apache.pulsar.client.api.PulsarClient' (OnClassCondition)

   PulsarReactiveAutoConfiguration:
      Did not match:
         - @ConditionalOnClass did not find required class 'org.apache.pulsar.client.api.PulsarClient' (OnClassCondition)

   QuartzAutoConfiguration:
      Did not match:
         - @ConditionalOnClass did not find required class 'org.quartz.Scheduler' (OnClassCondition)

   R2dbcAutoConfiguration:
      Did not match:
         - @ConditionalOnClass did not find required class 'io.r2dbc.spi.ConnectionFactory' (OnClassCondition)

   R2dbcDataAutoConfiguration:
      Did not match:
         - @ConditionalOnClass did not find required class 'org.springframework.data.r2dbc.core.R2dbcEntityTemplate' (OnClassCondition)

   R2dbcInitializationConfiguration:
      Did not match:
         - @ConditionalOnClass did not find required classes 'io.r2dbc.spi.ConnectionFactory', 'org.springframework.r2dbc.connection.init.DatabasePopulator' (OnClassCondition)

   R2dbcProxyAutoConfiguration:
      Did not match:
         - @ConditionalOnClass did not find required class 'io.r2dbc.proxy.ProxyConnectionFactory' (OnClassCondition)

   R2dbcRepositoriesAutoConfiguration:
      Did not match:
         - @ConditionalOnClass did not find required class 'io.r2dbc.spi.ConnectionFactory' (OnClassCondition)

   R2dbcTransactionManagerAutoConfiguration:
      Did not match:
         - @ConditionalOnClass did not find required class 'org.springframework.r2dbc.connection.R2dbcTransactionManager' (OnClassCondition)

   RSocketGraphQlClientAutoConfiguration:
      Did not match:
         - @ConditionalOnClass did not find required class 'graphql.GraphQL' (OnClassCondition)

   RSocketMessagingAutoConfiguration:
      Did not match:
         - @ConditionalOnClass did not find required class 'io.rsocket.RSocket' (OnClassCondition)

   RSocketRequesterAutoConfiguration:
      Did not match:
         - @ConditionalOnClass did not find required class 'io.rsocket.RSocket' (OnClassCondition)

   RSocketSecurityAutoConfiguration:
      Did not match:
         - @ConditionalOnClass did not find required class 'org.springframework.security.rsocket.core.SecuritySocketAcceptorInterceptor' (OnClassCondition)

   RSocketServerAutoConfiguration:
      Did not match:
         - @ConditionalOnClass did not find required class 'io.rsocket.core.RSocketServer' (OnClassCondition)

   RSocketStrategiesAutoConfiguration:
      Did not match:
         - @ConditionalOnClass did not find required class 'io.netty.buffer.PooledByteBufAllocator' (OnClassCondition)

   RabbitAutoConfiguration:
      Did not match:
         - @ConditionalOnClass did not find required class 'com.rabbitmq.client.Channel' (OnClassCondition)

   ReactiveElasticsearchClientAutoConfiguration:
      Did not match:
         - @ConditionalOnClass did not find required class 'co.elastic.clients.transport.ElasticsearchTransport' (OnClassCondition)

   ReactiveElasticsearchRepositoriesAutoConfiguration:
      Did not match:
         - @ConditionalOnClass did not find required class 'reactor.core.publisher.Mono' (OnClassCondition)

   ReactiveMultipartAutoConfiguration:
      Did not match:
         - @ConditionalOnClass did not find required class 'org.springframework.web.reactive.config.WebFluxConfigurer' (OnClassCondition)

   ReactiveOAuth2ClientAutoConfiguration:
      Did not match:
         - @ConditionalOnClass did not find required class 'reactor.core.publisher.Flux' (OnClassCondition)

   ReactiveOAuth2ResourceServerAutoConfiguration:
      Did not match:
         - @ConditionalOnWebApplication did not find reactive web application classes (OnWebApplicationCondition)

   ReactiveSecurityAutoConfiguration:
      Did not match:
         - @ConditionalOnClass did not find required class 'reactor.core.publisher.Flux' (OnClassCondition)

   ReactiveUserDetailsServiceAutoConfiguration:
      Did not match:
         - AnyNestedCondition 0 matched 2 did not; NestedCondition on ReactiveUserDetailsServiceAutoConfiguration.RSocketEnabledOrReactiveWebApplication.ReactiveWebApplicationCondition did not find reactive web application classes; NestedCondition on ReactiveUserDetailsServiceAutoConfiguration.RSocketEnabledOrReactiveWebApplication.RSocketSecurityEnabledCondition @ConditionalOnBean (types: org.springframework.messaging.rsocket.annotation.support.RSocketMessageHandler; SearchStrategy: all) did not find any beans of type org.springframework.messaging.rsocket.annotation.support.RSocketMessageHandler (ReactiveUserDetailsServiceAutoConfiguration.RSocketEnabledOrReactiveWebApplication)
      Matched:
         - @ConditionalOnClass found required class 'org.springframework.security.authentication.ReactiveAuthenticationManager' (OnClassCondition)
         - AnyNestedCondition 1 matched 2 did not; NestedCondition on ReactiveUserDetailsServiceAutoConfiguration.MissingAlternativeOrUserPropertiesConfigured.PasswordConfigured @ConditionalOnProperty (spring.security.user.password) did not find property 'password'; NestedCondition on ReactiveUserDetailsServiceAutoConfiguration.MissingAlternativeOrUserPropertiesConfigured.NameConfigured @ConditionalOnProperty (spring.security.user.name) did not find property 'name'; NestedCondition on ReactiveUserDetailsServiceAutoConfiguration.MissingAlternativeOrUserPropertiesConfigured.MissingAlternative @ConditionalOnMissingClass did not find unwanted classes 'org.springframework.security.oauth2.client.registration.ClientRegistrationRepository', 'org.springframework.security.oauth2.server.resource.introspection.ReactiveOpaqueTokenIntrospector' (ReactiveUserDetailsServiceAutoConfiguration.MissingAlternativeOrUserPropertiesConfigured)

   ReactiveWebServerFactoryAutoConfiguration:
      Did not match:
         - @ConditionalOnWebApplication did not find reactive web application classes (OnWebApplicationCondition)

   ReactorAutoConfiguration:
      Did not match:
         - @ConditionalOnClass did not find required class 'reactor.core.publisher.Hooks' (OnClassCondition)

   RedisAutoConfiguration:
      Did not match:
         - @ConditionalOnClass did not find required class 'org.springframework.data.redis.core.RedisOperations' (OnClassCondition)

   RedisCacheConfiguration:
      Did not match:
         - @ConditionalOnClass did not find required class 'org.springframework.data.redis.connection.RedisConnectionFactory' (OnClassCondition)

   RedisReactiveAutoConfiguration:
      Did not match:
         - @ConditionalOnClass did not find required class 'reactor.core.publisher.Flux' (OnClassCondition)

   RedisRepositoriesAutoConfiguration:
      Did not match:
         - @ConditionalOnClass did not find required class 'org.springframework.data.redis.repository.configuration.EnableRedisRepositories' (OnClassCondition)

   RepositoryRestMvcAutoConfiguration:
      Did not match:
         - @ConditionalOnClass did not find required class 'org.springframework.data.rest.webmvc.config.RepositoryRestMvcConfiguration' (OnClassCondition)

   Saml2RelyingPartyAutoConfiguration:
      Did not match:
         - @ConditionalOnClass did not find required class 'org.springframework.security.saml2.provider.service.registration.RelyingPartyRegistrationRepository' (OnClassCondition)

   SecurityDataConfiguration:
      Did not match:
         - @ConditionalOnClass did not find required class 'org.springframework.security.data.repository.query.SecurityEvaluationContextExtension' (OnClassCondition)

   SecurityFilterAutoConfiguration:
      Did not match:
         - not a servlet web application (OnWebApplicationCondition)
      Matched:
         - @ConditionalOnClass found required classes 'org.springframework.security.web.context.AbstractSecurityWebApplicationInitializer', 'org.springframework.security.config.http.SessionCreationPolicy' (OnClassCondition)

   SendGridAutoConfiguration:
      Did not match:
         - @ConditionalOnClass did not find required class 'com.sendgrid.SendGrid' (OnClassCondition)

   ServletWebServerFactoryAutoConfiguration:
      Did not match:
         - not a servlet web application (OnWebApplicationCondition)
      Matched:
         - @ConditionalOnClass found required class 'jakarta.servlet.ServletRequest' (OnClassCondition)

   SessionAutoConfiguration:
      Did not match:
         - @ConditionalOnClass did not find required class 'org.springframework.session.Session' (OnClassCondition)

   SpringApplicationAdminJmxAutoConfiguration:
      Did not match:
         - @ConditionalOnProperty (spring.application.admin.enabled=true) did not find property 'enabled' (OnPropertyCondition)

   SpringBootWebSecurityConfiguration:
      Did not match:
         - not a servlet web application (OnWebApplicationCondition)

   SpringDataWebAutoConfiguration:
      Did not match:
         - not a servlet web application (OnWebApplicationCondition)
      Matched:
         - @ConditionalOnClass found required classes 'org.springframework.data.web.PageableHandlerMethodArgumentResolver', 'org.springframework.web.servlet.config.annotation.WebMvcConfigurer' (OnClassCondition)

   TaskExecutorConfigurations.SimpleAsyncTaskExecutorBuilderConfiguration#simpleAsyncTaskExecutorBuilderVirtualThreads:
      Did not match:
         - @ConditionalOnMissingBean (types: org.springframework.boot.task.SimpleAsyncTaskExecutorBuilder; SearchStrategy: all) found beans of type 'org.springframework.boot.task.SimpleAsyncTaskExecutorBuilder' simpleAsyncTaskExecutorBuilder (OnBeanCondition)

   TaskExecutorConfigurations.TaskExecutorConfiguration#applicationTaskExecutorVirtualThreads:
      Did not match:
         - @ConditionalOnThreading did not find VIRTUAL (OnThreadingCondition)

   TaskSchedulingAutoConfiguration#scheduledBeanLazyInitializationExcludeFilter:
      Did not match:
         - @ConditionalOnBean (names: org.springframework.context.annotation.internalScheduledAnnotationProcessor; SearchStrategy: all) did not find any beans named org.springframework.context.annotation.internalScheduledAnnotationProcessor (OnBeanCondition)

   TaskSchedulingConfigurations.SimpleAsyncTaskSchedulerBuilderConfiguration#simpleAsyncTaskSchedulerBuilderVirtualThreads:
      Did not match:
         - @ConditionalOnMissingBean (types: org.springframework.boot.task.SimpleAsyncTaskSchedulerBuilder; SearchStrategy: all) found beans of type 'org.springframework.boot.task.SimpleAsyncTaskSchedulerBuilder' simpleAsyncTaskSchedulerBuilder (OnBeanCondition)

   TaskSchedulingConfigurations.TaskSchedulerConfiguration:
      Did not match:
         - @ConditionalOnBean (names: org.springframework.context.annotation.internalScheduledAnnotationProcessor; SearchStrategy: all) did not find any beans named org.springframework.context.annotation.internalScheduledAnnotationProcessor (OnBeanCondition)

   ThymeleafAutoConfiguration:
      Did not match:
         - @ConditionalOnClass did not find required class 'org.thymeleaf.spring6.SpringTemplateEngine' (OnClassCondition)

   TransactionAutoConfiguration#transactionalOperator:
      Did not match:
         - @ConditionalOnSingleCandidate (types: org.springframework.transaction.ReactiveTransactionManager; SearchStrategy: all) did not find any beans (OnBeanCondition)

   TransactionAutoConfiguration.AspectJTransactionManagementConfiguration:
      Did not match:
         - @ConditionalOnBean (types: org.springframework.transaction.aspectj.AbstractTransactionAspect; SearchStrategy: all) did not find any beans of type org.springframework.transaction.aspectj.AbstractTransactionAspect (OnBeanCondition)

   TransactionAutoConfiguration.EnableTransactionManagementConfiguration.JdkDynamicAutoProxyConfiguration:
      Did not match:
         - @ConditionalOnProperty (spring.aop.proxy-target-class=false) did not find property 'proxy-target-class' (OnPropertyCondition)

   UserDetailsServiceAutoConfiguration:
      Did not match:
         - not a servlet web application (OnWebApplicationCondition)
      Matched:
         - @ConditionalOnClass found required class 'org.springframework.security.authentication.AuthenticationManager' (OnClassCondition)

   WebClientAutoConfiguration:
      Did not match:
         - @ConditionalOnClass did not find required class 'org.springframework.web.reactive.function.client.WebClient' (OnClassCondition)

   WebFluxAutoConfiguration:
      Did not match:
         - @ConditionalOnClass did not find required class 'org.springframework.web.reactive.config.WebFluxConfigurer' (OnClassCondition)

   WebMvcAutoConfiguration:
      Did not match:
         - not a servlet web application (OnWebApplicationCondition)
      Matched:
         - @ConditionalOnClass found required classes 'jakarta.servlet.Servlet', 'org.springframework.web.servlet.DispatcherServlet', 'org.springframework.web.servlet.config.annotation.WebMvcConfigurer' (OnClassCondition)

   WebServiceTemplateAutoConfiguration:
      Did not match:
         - @ConditionalOnClass did not find required class 'org.springframework.oxm.Marshaller' (OnClassCondition)

   WebServicesAutoConfiguration:
      Did not match:
         - @ConditionalOnClass did not find required class 'org.springframework.ws.transport.http.MessageDispatcherServlet' (OnClassCondition)

   WebSessionIdResolverAutoConfiguration:
      Did not match:
         - @ConditionalOnClass did not find required class 'reactor.core.publisher.Mono' (OnClassCondition)

   WebSocketMessagingAutoConfiguration:
      Did not match:
         - not a servlet web application (OnWebApplicationCondition)
      Matched:
         - @ConditionalOnClass found required class 'org.springframework.web.socket.config.annotation.WebSocketMessageBrokerConfigurer' (OnClassCondition)

   WebSocketReactiveAutoConfiguration:
      Did not match:
         - @ConditionalOnWebApplication did not find reactive web application classes (OnWebApplicationCondition)

   WebSocketServletAutoConfiguration:
      Did not match:
         - not a servlet web application (OnWebApplicationCondition)
      Matched:
         - @ConditionalOnClass found required classes 'jakarta.servlet.Servlet', 'jakarta.websocket.server.ServerContainer' (OnClassCondition)

   XADataSourceAutoConfiguration:
      Did not match:
         - @ConditionalOnBean (types: org.springframework.boot.jdbc.XADataSourceWrapper; SearchStrategy: all) did not find any beans of type org.springframework.boot.jdbc.XADataSourceWrapper (OnBeanCondition)
      Matched:
         - @ConditionalOnClass found required classes 'javax.sql.DataSource', 'jakarta.transaction.TransactionManager', 'org.springframework.jdbc.datasource.embedded.EmbeddedDatabaseType' (OnClassCondition)


Exclusions:
-----------

    None


Unconditional classes:
----------------------

    org.springframework.boot.autoconfigure.context.ConfigurationPropertiesAutoConfiguration

    org.springframework.boot.autoconfigure.ssl.SslAutoConfiguration

    org.springframework.boot.autoconfigure.context.PropertyPlaceholderAutoConfiguration

    org.springframework.boot.autoconfigure.context.LifecycleAutoConfiguration

    org.springframework.boot.autoconfigure.availability.ApplicationAvailabilityAutoConfiguration

    org.springframework.boot.autoconfigure.info.ProjectInfoAutoConfiguration



]]></system-err>
  </testcase>
</testsuite>