<?xml version="1.0" encoding="UTF-8"?>
<testsuite xmlns:xsi="http://www.w3.org/2001/XMLSchema-instance" xsi:noNamespaceSchemaLocation="https://maven.apache.org/surefire/maven-surefire-plugin/xsd/surefire-test-report.xsd" version="3.0.2" name="com.backend.urbia.UrbiaApplicationTests" time="2.352" tests="1" errors="0" skipped="0" failures="0">
  <properties>
[...]
</properties>
  <testcase name="contextLoads" classname="com.backend.urbia.UrbiaApplicationTests" time="0.639">
    <system-out><![CDATA[16:21:14.712 [main] INFO org.springframework.test.context.support.AnnotationConfigContextLoaderUtils -- Could not detect default configuration classes for test class [com.backend.urbia.UrbiaApplicationTests]: UrbiaApplicationTests does not declare any static, non-private, non-final, nested classes annotated with @Configuration.
16:21:14.791 [main] INFO org.springframework.boot.test.context.SpringBootTestContextBootstrapper -- Found @SpringBootConfiguration com.backend.urbia.UrbiaApplication for test class com.backend.urbia.UrbiaApplicationTests

  .   ____          _            __ _ _
 /\\ / ___'_ __ _ _(_)_ __  __ _ \ \ \ \
( ( )\___ | '_ | '_| | '_ \/ _` | \ \ \ \
 \\/  ___)| |_)| | | | | || (_| |  ) ) ) )
  '  |____| .__|_| |_|_| |_\__, | / / / /
 =========|_|==============|___/=/_/_/_/

 :: Spring Boot ::                (v3.4.2)

2025-02-19T16:21:15.145-06:00  INFO 4956 --- [urbia] [           main] c.backend.urbia.UrbiaApplicationTests    : Starting UrbiaApplicationTests using Java 17.0.10 with PID 4956 (started by albsa in G:\Users\albsa\Documentos\Actual-Pojects\Astro\s21-19-t-webapp\Backend)
2025-02-19T16:21:15.146-06:00  INFO 4956 --- [urbia] [           main] c.backend.urbia.UrbiaApplicationTests    : No active profile set, falling back to 1 default profile: "default"
2025-02-19T16:21:16.283-06:00  INFO 4956 --- [urbia] [           main] c.backend.urbia.UrbiaApplicationTests    : Started UrbiaApplicationTests in 1.378 seconds (process running for 2.081)
]]></system-out>
  </testcase>
</testsuite>